[0.881s] Invoking command in '/home/jestin/SegFaultExp/A3/pathfinder/src/drive': PYTHONPATH=/home/jestin/SegFaultExp/A3/pathfinder/build/drive/prefix_override:/usr/lib/python3/dist-packages/colcon_core/task/python/colcon_distutils_commands:/home/jestin/SegFaultExp/A3/pathfinder/install/drive/lib/python3.10/site-packages:${PYTHONPATH} /usr/bin/python3 -W ignore:setup.py install is deprecated -W ignore:easy_install command is deprecated setup.py egg_info --egg-base ../../build/drive build --build-base /home/jestin/SegFaultExp/A3/pathfinder/build/drive/build install --record /home/jestin/SegFaultExp/A3/pathfinder/build/drive/install.log --single-version-externally-managed install_data
[1.135s] running egg_info
[1.136s] writing ../../build/drive/drive.egg-info/PKG-INFO
[1.136s] writing dependency_links to ../../build/drive/drive.egg-info/dependency_links.txt
[1.136s] writing entry points to ../../build/drive/drive.egg-info/entry_points.txt
[1.136s] writing requirements to ../../build/drive/drive.egg-info/requires.txt
[1.140s] writing top-level names to ../../build/drive/drive.egg-info/top_level.txt
[1.146s] reading manifest file '../../build/drive/drive.egg-info/SOURCES.txt'
[1.147s] adding license file 'LICENSE'
[1.148s] writing manifest file '../../build/drive/drive.egg-info/SOURCES.txt'
[1.148s] running build
[1.149s] running build_py
[1.149s] copying drive/coordinates.py -> /home/jestin/SegFaultExp/A3/pathfinder/build/drive/build/lib/drive
[1.149s] running install
[1.150s] running install_lib
[1.152s] copying /home/jestin/SegFaultExp/A3/pathfinder/build/drive/build/lib/drive/coordinates.py -> /home/jestin/SegFaultExp/A3/pathfinder/install/drive/lib/python3.10/site-packages/drive
[1.153s] byte-compiling /home/jestin/SegFaultExp/A3/pathfinder/install/drive/lib/python3.10/site-packages/drive/coordinates.py to coordinates.cpython-310.pyc
[1.155s] running install_data
[1.155s] running install_egg_info
[1.158s] removing '/home/jestin/SegFaultExp/A3/pathfinder/install/drive/lib/python3.10/site-packages/drive-0.0.0-py3.10.egg-info' (and everything under it)
[1.158s] Copying ../../build/drive/drive.egg-info to /home/jestin/SegFaultExp/A3/pathfinder/install/drive/lib/python3.10/site-packages/drive-0.0.0-py3.10.egg-info
[1.160s] running install_scripts
[1.183s] Installing CoordinateFinder script to /home/jestin/SegFaultExp/A3/pathfinder/install/drive/lib/drive
[1.184s] writing list of installed files to '/home/jestin/SegFaultExp/A3/pathfinder/build/drive/install.log'
[1.225s] Invoked command in '/home/jestin/SegFaultExp/A3/pathfinder/src/drive' returned '0': PYTHONPATH=/home/jestin/SegFaultExp/A3/pathfinder/build/drive/prefix_override:/usr/lib/python3/dist-packages/colcon_core/task/python/colcon_distutils_commands:/home/jestin/SegFaultExp/A3/pathfinder/install/drive/lib/python3.10/site-packages:${PYTHONPATH} /usr/bin/python3 -W ignore:setup.py install is deprecated -W ignore:easy_install command is deprecated setup.py egg_info --egg-base ../../build/drive build --build-base /home/jestin/SegFaultExp/A3/pathfinder/build/drive/build install --record /home/jestin/SegFaultExp/A3/pathfinder/build/drive/install.log --single-version-externally-managed install_data
