[0.114s] DEBUG:colcon:Command line arguments: ['/usr/bin/colcon', 'build']
[0.114s] DEBUG:colcon:Parsed command line arguments: Namespace(log_base=None, log_level=None, verb_name='build', build_base='build', install_base='install', merge_install=False, symlink_install=False, test_result_base=None, continue_on_error=False, executor='parallel', parallel_workers=8, event_handlers=None, ignore_user_meta=False, metas=['./colcon.meta'], base_paths=['.'], packages_ignore=None, packages_ignore_regex=None, paths=None, packages_up_to=None, packages_up_to_regex=None, packages_above=None, packages_above_and_dependencies=None, packages_above_depth=None, packages_select_by_dep=None, packages_skip_by_dep=None, packages_skip_up_to=None, packages_select_build_failed=False, packages_skip_build_finished=False, packages_select_test_failures=False, packages_skip_test_passed=False, packages_select=None, packages_skip=None, packages_select_regex=None, packages_skip_regex=None, packages_start=None, packages_end=None, allow_overriding=[], cmake_args=None, cmake_target=None, cmake_target_skip_unavailable=False, cmake_clean_cache=False, cmake_clean_first=False, cmake_force_configure=False, ament_cmake_args=None, catkin_cmake_args=None, catkin_skip_building_tests=False, mixin_files=None, mixin=None, verb_parser=<colcon_mixin.mixin.mixin_argument.MixinArgumentDecorator object at 0x7c462283a740>, verb_extension=<colcon_core.verb.build.BuildVerb object at 0x7c46229bb250>, main=<bound method BuildVerb.main of <colcon_core.verb.build.BuildVerb object at 0x7c46229bb250>>, mixin_verb=('build',))
[0.283s] Level 1:colcon.colcon_core.package_discovery:discover_packages(colcon_meta) check parameters
[0.284s] Level 1:colcon.colcon_core.package_discovery:discover_packages(recursive) check parameters
[0.284s] Level 1:colcon.colcon_core.package_discovery:discover_packages(ignore) check parameters
[0.284s] Level 1:colcon.colcon_core.package_discovery:discover_packages(path) check parameters
[0.284s] Level 1:colcon.colcon_core.package_discovery:discover_packages(colcon_meta) discover
[0.284s] Level 1:colcon.colcon_core.package_discovery:discover_packages(recursive) discover
[0.284s] INFO:colcon.colcon_core.package_discovery:Crawling recursively for packages in '/home/jestin/SegFaultExp/A3/pathfinder'
[0.284s] Level 1:colcon.colcon_core.package_identification:_identify(.) by extensions ['ignore', 'ignore_ament_install']
[0.284s] Level 1:colcon.colcon_core.package_identification:_identify(.) by extension 'ignore'
[0.284s] Level 1:colcon.colcon_core.package_identification:_identify(.) by extension 'ignore_ament_install'
[0.284s] Level 1:colcon.colcon_core.package_identification:_identify(.) by extensions ['colcon_pkg']
[0.284s] Level 1:colcon.colcon_core.package_identification:_identify(.) by extension 'colcon_pkg'
[0.284s] Level 1:colcon.colcon_core.package_identification:_identify(.) by extensions ['colcon_meta']
[0.284s] Level 1:colcon.colcon_core.package_identification:_identify(.) by extension 'colcon_meta'
[0.284s] Level 1:colcon.colcon_core.package_identification:_identify(.) by extensions ['ros']
[0.284s] Level 1:colcon.colcon_core.package_identification:_identify(.) by extension 'ros'
[0.294s] Level 1:colcon.colcon_core.package_identification:_identify(.) by extensions ['cmake', 'python']
[0.294s] Level 1:colcon.colcon_core.package_identification:_identify(.) by extension 'cmake'
[0.294s] Level 1:colcon.colcon_core.package_identification:_identify(.) by extension 'python'
[0.294s] Level 1:colcon.colcon_core.package_identification:_identify(.) by extensions ['python_setup_py']
[0.295s] Level 1:colcon.colcon_core.package_identification:_identify(.) by extension 'python_setup_py'
[0.295s] Level 1:colcon.colcon_core.package_identification:_identify(build) by extensions ['ignore', 'ignore_ament_install']
[0.295s] Level 1:colcon.colcon_core.package_identification:_identify(build) by extension 'ignore'
[0.295s] Level 1:colcon.colcon_core.package_identification:_identify(build) ignored
[0.295s] Level 1:colcon.colcon_core.package_identification:_identify(install) by extensions ['ignore', 'ignore_ament_install']
[0.295s] Level 1:colcon.colcon_core.package_identification:_identify(install) by extension 'ignore'
[0.295s] Level 1:colcon.colcon_core.package_identification:_identify(install) ignored
[0.295s] Level 1:colcon.colcon_core.package_identification:_identify(log) by extensions ['ignore', 'ignore_ament_install']
[0.295s] Level 1:colcon.colcon_core.package_identification:_identify(log) by extension 'ignore'
[0.295s] Level 1:colcon.colcon_core.package_identification:_identify(log) ignored
[0.295s] Level 1:colcon.colcon_core.package_identification:_identify(src) by extensions ['ignore', 'ignore_ament_install']
[0.295s] Level 1:colcon.colcon_core.package_identification:_identify(src) by extension 'ignore'
[0.295s] Level 1:colcon.colcon_core.package_identification:_identify(src) by extension 'ignore_ament_install'
[0.295s] Level 1:colcon.colcon_core.package_identification:_identify(src) by extensions ['colcon_pkg']
[0.295s] Level 1:colcon.colcon_core.package_identification:_identify(src) by extension 'colcon_pkg'
[0.296s] Level 1:colcon.colcon_core.package_identification:_identify(src) by extensions ['colcon_meta']
[0.296s] Level 1:colcon.colcon_core.package_identification:_identify(src) by extension 'colcon_meta'
[0.296s] Level 1:colcon.colcon_core.package_identification:_identify(src) by extensions ['ros']
[0.296s] Level 1:colcon.colcon_core.package_identification:_identify(src) by extension 'ros'
[0.296s] Level 1:colcon.colcon_core.package_identification:_identify(src) by extensions ['cmake', 'python']
[0.296s] Level 1:colcon.colcon_core.package_identification:_identify(src) by extension 'cmake'
[0.296s] Level 1:colcon.colcon_core.package_identification:_identify(src) by extension 'python'
[0.296s] Level 1:colcon.colcon_core.package_identification:_identify(src) by extensions ['python_setup_py']
[0.296s] Level 1:colcon.colcon_core.package_identification:_identify(src) by extension 'python_setup_py'
[0.296s] Level 1:colcon.colcon_core.package_identification:_identify(src/drive) by extensions ['ignore', 'ignore_ament_install']
[0.296s] Level 1:colcon.colcon_core.package_identification:_identify(src/drive) by extension 'ignore'
[0.296s] Level 1:colcon.colcon_core.package_identification:_identify(src/drive) by extension 'ignore_ament_install'
[0.296s] Level 1:colcon.colcon_core.package_identification:_identify(src/drive) by extensions ['colcon_pkg']
[0.296s] Level 1:colcon.colcon_core.package_identification:_identify(src/drive) by extension 'colcon_pkg'
[0.296s] Level 1:colcon.colcon_core.package_identification:_identify(src/drive) by extensions ['colcon_meta']
[0.296s] Level 1:colcon.colcon_core.package_identification:_identify(src/drive) by extension 'colcon_meta'
[0.296s] Level 1:colcon.colcon_core.package_identification:_identify(src/drive) by extensions ['ros']
[0.296s] Level 1:colcon.colcon_core.package_identification:_identify(src/drive) by extension 'ros'
[0.298s] DEBUG:colcon.colcon_core.package_identification:Package 'src/drive' with type 'ros.ament_python' and name 'drive'
[0.298s] Level 1:colcon.colcon_core.package_identification:_identify(src/pedestrian) by extensions ['ignore', 'ignore_ament_install']
[0.299s] Level 1:colcon.colcon_core.package_identification:_identify(src/pedestrian) by extension 'ignore'
[0.299s] Level 1:colcon.colcon_core.package_identification:_identify(src/pedestrian) by extension 'ignore_ament_install'
[0.299s] Level 1:colcon.colcon_core.package_identification:_identify(src/pedestrian) by extensions ['colcon_pkg']
[0.299s] Level 1:colcon.colcon_core.package_identification:_identify(src/pedestrian) by extension 'colcon_pkg'
[0.299s] Level 1:colcon.colcon_core.package_identification:_identify(src/pedestrian) by extensions ['colcon_meta']
[0.299s] Level 1:colcon.colcon_core.package_identification:_identify(src/pedestrian) by extension 'colcon_meta'
[0.299s] Level 1:colcon.colcon_core.package_identification:_identify(src/pedestrian) by extensions ['ros']
[0.299s] Level 1:colcon.colcon_core.package_identification:_identify(src/pedestrian) by extension 'ros'
[0.299s] DEBUG:colcon.colcon_core.package_identification:Package 'src/pedestrian' with type 'ros.ament_python' and name 'pedestrian'
[0.299s] Level 1:colcon.colcon_core.package_identification:_identify(src/testing) by extensions ['ignore', 'ignore_ament_install']
[0.300s] Level 1:colcon.colcon_core.package_identification:_identify(src/testing) by extension 'ignore'
[0.300s] Level 1:colcon.colcon_core.package_identification:_identify(src/testing) by extension 'ignore_ament_install'
[0.300s] Level 1:colcon.colcon_core.package_identification:_identify(src/testing) by extensions ['colcon_pkg']
[0.300s] Level 1:colcon.colcon_core.package_identification:_identify(src/testing) by extension 'colcon_pkg'
[0.300s] Level 1:colcon.colcon_core.package_identification:_identify(src/testing) by extensions ['colcon_meta']
[0.300s] Level 1:colcon.colcon_core.package_identification:_identify(src/testing) by extension 'colcon_meta'
[0.300s] Level 1:colcon.colcon_core.package_identification:_identify(src/testing) by extensions ['ros']
[0.300s] Level 1:colcon.colcon_core.package_identification:_identify(src/testing) by extension 'ros'
[0.300s] DEBUG:colcon.colcon_core.package_identification:Package 'src/testing' with type 'ros.ament_python' and name 'testing'
[0.300s] Level 1:colcon.colcon_core.package_discovery:discover_packages(recursive) using defaults
[0.301s] Level 1:colcon.colcon_core.package_discovery:discover_packages(ignore) discover
[0.301s] Level 1:colcon.colcon_core.package_discovery:discover_packages(ignore) using defaults
[0.301s] Level 1:colcon.colcon_core.package_discovery:discover_packages(path) discover
[0.301s] Level 1:colcon.colcon_core.package_discovery:discover_packages(path) using defaults
[0.333s] Level 1:colcon.colcon_core.package_discovery:discover_packages(prefix_path) check parameters
[0.333s] Level 1:colcon.colcon_core.package_discovery:discover_packages(prefix_path) discover
[0.335s] DEBUG:colcon.colcon_installed_package_information.package_discovery:Found 3 installed packages in /home/jestin/SegFaultExp/A3/pathfinder/install
[0.336s] DEBUG:colcon.colcon_installed_package_information.package_discovery:Found 1 installed packages in /home/jestin/tron5A2/ros2_ws/install
[0.336s] DEBUG:colcon.colcon_installed_package_information.package_discovery:Found 1 installed packages in /home/jestin/MTRX3760-Project-2/install
[0.338s] DEBUG:colcon.colcon_installed_package_information.package_discovery:Found 297 installed packages in /opt/ros/humble
[0.339s] Level 1:colcon.colcon_core.package_discovery:discover_packages(prefix_path) using defaults
[0.381s] Level 5:colcon.colcon_core.verb:set package 'drive' build argument 'cmake_args' from command line to 'None'
[0.381s] Level 5:colcon.colcon_core.verb:set package 'drive' build argument 'cmake_target' from command line to 'None'
[0.381s] Level 5:colcon.colcon_core.verb:set package 'drive' build argument 'cmake_target_skip_unavailable' from command line to 'False'
[0.381s] Level 5:colcon.colcon_core.verb:set package 'drive' build argument 'cmake_clean_cache' from command line to 'False'
[0.381s] Level 5:colcon.colcon_core.verb:set package 'drive' build argument 'cmake_clean_first' from command line to 'False'
[0.381s] Level 5:colcon.colcon_core.verb:set package 'drive' build argument 'cmake_force_configure' from command line to 'False'
[0.381s] Level 5:colcon.colcon_core.verb:set package 'drive' build argument 'ament_cmake_args' from command line to 'None'
[0.381s] Level 5:colcon.colcon_core.verb:set package 'drive' build argument 'catkin_cmake_args' from command line to 'None'
[0.381s] Level 5:colcon.colcon_core.verb:set package 'drive' build argument 'catkin_skip_building_tests' from command line to 'False'
[0.381s] DEBUG:colcon.colcon_core.verb:Building package 'drive' with the following arguments: {'ament_cmake_args': None, 'build_base': '/home/jestin/SegFaultExp/A3/pathfinder/build/drive', 'catkin_cmake_args': None, 'catkin_skip_building_tests': False, 'cmake_args': None, 'cmake_clean_cache': False, 'cmake_clean_first': False, 'cmake_force_configure': False, 'cmake_target': None, 'cmake_target_skip_unavailable': False, 'install_base': '/home/jestin/SegFaultExp/A3/pathfinder/install/drive', 'merge_install': False, 'path': '/home/jestin/SegFaultExp/A3/pathfinder/src/drive', 'symlink_install': False, 'test_result_base': None}
[0.381s] Level 5:colcon.colcon_core.verb:set package 'pedestrian' build argument 'cmake_args' from command line to 'None'
[0.381s] Level 5:colcon.colcon_core.verb:set package 'pedestrian' build argument 'cmake_target' from command line to 'None'
[0.381s] Level 5:colcon.colcon_core.verb:set package 'pedestrian' build argument 'cmake_target_skip_unavailable' from command line to 'False'
[0.381s] Level 5:colcon.colcon_core.verb:set package 'pedestrian' build argument 'cmake_clean_cache' from command line to 'False'
[0.381s] Level 5:colcon.colcon_core.verb:set package 'pedestrian' build argument 'cmake_clean_first' from command line to 'False'
[0.381s] Level 5:colcon.colcon_core.verb:set package 'pedestrian' build argument 'cmake_force_configure' from command line to 'False'
[0.381s] Level 5:colcon.colcon_core.verb:set package 'pedestrian' build argument 'ament_cmake_args' from command line to 'None'
[0.381s] Level 5:colcon.colcon_core.verb:set package 'pedestrian' build argument 'catkin_cmake_args' from command line to 'None'
[0.381s] Level 5:colcon.colcon_core.verb:set package 'pedestrian' build argument 'catkin_skip_building_tests' from command line to 'False'
[0.381s] DEBUG:colcon.colcon_core.verb:Building package 'pedestrian' with the following arguments: {'ament_cmake_args': None, 'build_base': '/home/jestin/SegFaultExp/A3/pathfinder/build/pedestrian', 'catkin_cmake_args': None, 'catkin_skip_building_tests': False, 'cmake_args': None, 'cmake_clean_cache': False, 'cmake_clean_first': False, 'cmake_force_configure': False, 'cmake_target': None, 'cmake_target_skip_unavailable': False, 'install_base': '/home/jestin/SegFaultExp/A3/pathfinder/install/pedestrian', 'merge_install': False, 'path': '/home/jestin/SegFaultExp/A3/pathfinder/src/pedestrian', 'symlink_install': False, 'test_result_base': None}
[0.382s] Level 5:colcon.colcon_core.verb:set package 'testing' build argument 'cmake_args' from command line to 'None'
[0.382s] Level 5:colcon.colcon_core.verb:set package 'testing' build argument 'cmake_target' from command line to 'None'
[0.382s] Level 5:colcon.colcon_core.verb:set package 'testing' build argument 'cmake_target_skip_unavailable' from command line to 'False'
[0.382s] Level 5:colcon.colcon_core.verb:set package 'testing' build argument 'cmake_clean_cache' from command line to 'False'
[0.382s] Level 5:colcon.colcon_core.verb:set package 'testing' build argument 'cmake_clean_first' from command line to 'False'
[0.382s] Level 5:colcon.colcon_core.verb:set package 'testing' build argument 'cmake_force_configure' from command line to 'False'
[0.382s] Level 5:colcon.colcon_core.verb:set package 'testing' build argument 'ament_cmake_args' from command line to 'None'
[0.382s] Level 5:colcon.colcon_core.verb:set package 'testing' build argument 'catkin_cmake_args' from command line to 'None'
[0.382s] Level 5:colcon.colcon_core.verb:set package 'testing' build argument 'catkin_skip_building_tests' from command line to 'False'
[0.382s] DEBUG:colcon.colcon_core.verb:Building package 'testing' with the following arguments: {'ament_cmake_args': None, 'build_base': '/home/jestin/SegFaultExp/A3/pathfinder/build/testing', 'catkin_cmake_args': None, 'catkin_skip_building_tests': False, 'cmake_args': None, 'cmake_clean_cache': False, 'cmake_clean_first': False, 'cmake_force_configure': False, 'cmake_target': None, 'cmake_target_skip_unavailable': False, 'install_base': '/home/jestin/SegFaultExp/A3/pathfinder/install/testing', 'merge_install': False, 'path': '/home/jestin/SegFaultExp/A3/pathfinder/src/testing', 'symlink_install': False, 'test_result_base': None}
[0.382s] INFO:colcon.colcon_core.executor:Executing jobs using 'parallel' executor
[0.383s] DEBUG:colcon.colcon_parallel_executor.executor.parallel:run_until_complete
[0.383s] INFO:colcon.colcon_ros.task.ament_python.build:Building ROS package in '/home/jestin/SegFaultExp/A3/pathfinder/src/drive' with build type 'ament_python'
[0.383s] Level 1:colcon.colcon_core.shell:create_environment_hook('drive', 'ament_prefix_path')
[0.385s] INFO:colcon.colcon_core.plugin_system:Skipping extension 'colcon_core.shell.bat': Not used on non-Windows systems
[0.385s] INFO:colcon.colcon_core.shell:Creating environment hook '/home/jestin/SegFaultExp/A3/pathfinder/install/drive/share/drive/hook/ament_prefix_path.ps1'
[0.386s] INFO:colcon.colcon_core.shell:Creating environment descriptor '/home/jestin/SegFaultExp/A3/pathfinder/install/drive/share/drive/hook/ament_prefix_path.dsv'
[0.386s] INFO:colcon.colcon_core.shell:Creating environment hook '/home/jestin/SegFaultExp/A3/pathfinder/install/drive/share/drive/hook/ament_prefix_path.sh'
[0.387s] INFO:colcon.colcon_core.shell:Skip shell extension 'powershell' for command environment: Not usable outside of PowerShell
[0.387s] DEBUG:colcon.colcon_core.shell:Skip shell extension 'dsv' for command environment
[0.391s] INFO:colcon.colcon_ros.task.ament_python.build:Building ROS package in '/home/jestin/SegFaultExp/A3/pathfinder/src/pedestrian' with build type 'ament_python'
[0.391s] Level 1:colcon.colcon_core.shell:create_environment_hook('pedestrian', 'ament_prefix_path')
[0.391s] INFO:colcon.colcon_core.shell:Creating environment hook '/home/jestin/SegFaultExp/A3/pathfinder/install/pedestrian/share/pedestrian/hook/ament_prefix_path.ps1'
[0.392s] INFO:colcon.colcon_core.shell:Creating environment descriptor '/home/jestin/SegFaultExp/A3/pathfinder/install/pedestrian/share/pedestrian/hook/ament_prefix_path.dsv'
[0.392s] INFO:colcon.colcon_core.shell:Creating environment hook '/home/jestin/SegFaultExp/A3/pathfinder/install/pedestrian/share/pedestrian/hook/ament_prefix_path.sh'
[0.392s] INFO:colcon.colcon_core.shell:Skip shell extension 'powershell' for command environment: Not usable outside of PowerShell
[0.392s] DEBUG:colcon.colcon_core.shell:Skip shell extension 'dsv' for command environment
[0.396s] INFO:colcon.colcon_ros.task.ament_python.build:Building ROS package in '/home/jestin/SegFaultExp/A3/pathfinder/src/testing' with build type 'ament_python'
[0.396s] Level 1:colcon.colcon_core.shell:create_environment_hook('testing', 'ament_prefix_path')
[0.396s] INFO:colcon.colcon_core.shell:Creating environment hook '/home/jestin/SegFaultExp/A3/pathfinder/install/testing/share/testing/hook/ament_prefix_path.ps1'
[0.397s] INFO:colcon.colcon_core.shell:Creating environment descriptor '/home/jestin/SegFaultExp/A3/pathfinder/install/testing/share/testing/hook/ament_prefix_path.dsv'
[0.398s] INFO:colcon.colcon_core.shell:Creating environment hook '/home/jestin/SegFaultExp/A3/pathfinder/install/testing/share/testing/hook/ament_prefix_path.sh'
[0.398s] INFO:colcon.colcon_core.shell:Skip shell extension 'powershell' for command environment: Not usable outside of PowerShell
[0.398s] DEBUG:colcon.colcon_core.shell:Skip shell extension 'dsv' for command environment
[0.658s] WARNING:colcon.colcon_ros.task.ament_python.build:Package 'drive' doesn't explicitly install a marker in the package index (colcon-ros currently does it implicitly but that fallback will be removed in the future)
[0.658s] WARNING:colcon.colcon_ros.task.ament_python.build:Package 'drive' doesn't explicitly install the 'package.xml' file (colcon-ros currently does it implicitly but that fallback will be removed in the future)
[0.658s] INFO:colcon.colcon_core.task.python.build:Building Python package in '/home/jestin/SegFaultExp/A3/pathfinder/src/drive'
[0.659s] INFO:colcon.colcon_core.shell:Skip shell extension 'powershell' for command environment: Not usable outside of PowerShell
[0.659s] DEBUG:colcon.colcon_core.shell:Skip shell extension 'dsv' for command environment
[0.924s] INFO:colcon.colcon_core.task.python.build:Building Python package in '/home/jestin/SegFaultExp/A3/pathfinder/src/pedestrian'
[0.925s] INFO:colcon.colcon_core.shell:Skip shell extension 'powershell' for command environment: Not usable outside of PowerShell
[0.925s] DEBUG:colcon.colcon_core.shell:Skip shell extension 'dsv' for command environment
[1.187s] INFO:colcon.colcon_core.task.python.build:Building Python package in '/home/jestin/SegFaultExp/A3/pathfinder/src/testing'
[1.187s] INFO:colcon.colcon_core.shell:Skip shell extension 'powershell' for command environment: Not usable outside of PowerShell
[1.187s] DEBUG:colcon.colcon_core.shell:Skip shell extension 'dsv' for command environment
[1.559s] DEBUG:colcon.colcon_core.event_handler.log_command:Invoking command in '/home/jestin/SegFaultExp/A3/pathfinder/src/drive': PYTHONPATH=/home/jestin/SegFaultExp/A3/pathfinder/build/drive/prefix_override:/usr/lib/python3/dist-packages/colcon_core/task/python/colcon_distutils_commands:/home/jestin/SegFaultExp/A3/pathfinder/install/drive/lib/python3.10/site-packages:${PYTHONPATH} /usr/bin/python3 -W ignore:setup.py install is deprecated -W ignore:easy_install command is deprecated setup.py egg_info --egg-base ../../build/drive build --build-base /home/jestin/SegFaultExp/A3/pathfinder/build/drive/build install --record /home/jestin/SegFaultExp/A3/pathfinder/build/drive/install.log --single-version-externally-managed
[1.566s] DEBUG:colcon.colcon_core.event_handler.log_command:Invoking command in '/home/jestin/SegFaultExp/A3/pathfinder/src/testing': PYTHONPATH=/home/jestin/SegFaultExp/A3/pathfinder/build/testing/prefix_override:/usr/lib/python3/dist-packages/colcon_core/task/python/colcon_distutils_commands:/home/jestin/SegFaultExp/A3/pathfinder/install/testing/lib/python3.10/site-packages:${PYTHONPATH} /usr/bin/python3 -W ignore:setup.py install is deprecated -W ignore:easy_install command is deprecated setup.py egg_info --egg-base ../../build/testing build --build-base /home/jestin/SegFaultExp/A3/pathfinder/build/testing/build install --record /home/jestin/SegFaultExp/A3/pathfinder/build/testing/install.log --single-version-externally-managed install_data
[1.575s] DEBUG:colcon.colcon_core.event_handler.log_command:Invoking command in '/home/jestin/SegFaultExp/A3/pathfinder/src/pedestrian': PYTHONPATH=/home/jestin/SegFaultExp/A3/pathfinder/build/pedestrian/prefix_override:/usr/lib/python3/dist-packages/colcon_core/task/python/colcon_distutils_commands:/home/jestin/SegFaultExp/A3/pathfinder/install/pedestrian/lib/python3.10/site-packages:${PYTHONPATH} /usr/bin/python3 -W ignore:setup.py install is deprecated -W ignore:easy_install command is deprecated setup.py egg_info --egg-base ../../build/pedestrian build --build-base /home/jestin/SegFaultExp/A3/pathfinder/build/pedestrian/build install --record /home/jestin/SegFaultExp/A3/pathfinder/build/pedestrian/install.log --single-version-externally-managed install_data
[1.900s] DEBUG:colcon.colcon_core.event_handler.log_command:Invoked command in '/home/jestin/SegFaultExp/A3/pathfinder/src/testing' returned '0': PYTHONPATH=/home/jestin/SegFaultExp/A3/pathfinder/build/testing/prefix_override:/usr/lib/python3/dist-packages/colcon_core/task/python/colcon_distutils_commands:/home/jestin/SegFaultExp/A3/pathfinder/install/testing/lib/python3.10/site-packages:${PYTHONPATH} /usr/bin/python3 -W ignore:setup.py install is deprecated -W ignore:easy_install command is deprecated setup.py egg_info --egg-base ../../build/testing build --build-base /home/jestin/SegFaultExp/A3/pathfinder/build/testing/build install --record /home/jestin/SegFaultExp/A3/pathfinder/build/testing/install.log --single-version-externally-managed install_data
[1.904s] Level 1:colcon.colcon_core.environment:checking '/home/jestin/SegFaultExp/A3/pathfinder/install/testing' for CMake module files
[1.904s] Level 1:colcon.colcon_core.environment:checking '/home/jestin/SegFaultExp/A3/pathfinder/install/testing' for CMake config files
[1.905s] Level 1:colcon.colcon_core.environment:checking '/home/jestin/SegFaultExp/A3/pathfinder/install/testing/lib'
[1.905s] Level 1:colcon.colcon_core.environment:checking '/home/jestin/SegFaultExp/A3/pathfinder/install/testing/bin'
[1.906s] Level 1:colcon.colcon_core.environment:checking '/home/jestin/SegFaultExp/A3/pathfinder/install/testing/lib/pkgconfig/testing.pc'
[1.906s] Level 1:colcon.colcon_core.environment:checking '/home/jestin/SegFaultExp/A3/pathfinder/install/testing/lib/python3.10/site-packages'
[1.906s] Level 1:colcon.colcon_core.shell:create_environment_hook('testing', 'pythonpath')
[1.906s] INFO:colcon.colcon_core.shell:Creating environment hook '/home/jestin/SegFaultExp/A3/pathfinder/install/testing/share/testing/hook/pythonpath.ps1'
[1.907s] INFO:colcon.colcon_core.shell:Creating environment descriptor '/home/jestin/SegFaultExp/A3/pathfinder/install/testing/share/testing/hook/pythonpath.dsv'
[1.907s] INFO:colcon.colcon_core.shell:Creating environment hook '/home/jestin/SegFaultExp/A3/pathfinder/install/testing/share/testing/hook/pythonpath.sh'
[1.909s] Level 1:colcon.colcon_core.environment:checking '/home/jestin/SegFaultExp/A3/pathfinder/install/testing/bin'
[1.909s] Level 1:colcon.colcon_core.environment:create_environment_scripts_only(testing)
[1.909s] INFO:colcon.colcon_core.shell:Creating package script '/home/jestin/SegFaultExp/A3/pathfinder/install/testing/share/testing/package.ps1'
[1.910s] INFO:colcon.colcon_core.shell:Creating package descriptor '/home/jestin/SegFaultExp/A3/pathfinder/install/testing/share/testing/package.dsv'
[1.911s] INFO:colcon.colcon_core.shell:Creating package script '/home/jestin/SegFaultExp/A3/pathfinder/install/testing/share/testing/package.sh'
[1.912s] INFO:colcon.colcon_core.shell:Creating package script '/home/jestin/SegFaultExp/A3/pathfinder/install/testing/share/testing/package.bash'
[1.913s] INFO:colcon.colcon_core.shell:Creating package script '/home/jestin/SegFaultExp/A3/pathfinder/install/testing/share/testing/package.zsh'
[1.914s] Level 1:colcon.colcon_core.environment:create_file_with_runtime_dependencies(/home/jestin/SegFaultExp/A3/pathfinder/install/testing/share/colcon-core/packages/testing)
[1.917s] Level 1:colcon.colcon_core.environment:checking '/home/jestin/SegFaultExp/A3/pathfinder/install/pedestrian' for CMake module files
[1.917s] DEBUG:colcon.colcon_core.event_handler.log_command:Invoked command in '/home/jestin/SegFaultExp/A3/pathfinder/src/pedestrian' returned '0': PYTHONPATH=/home/jestin/SegFaultExp/A3/pathfinder/build/pedestrian/prefix_override:/usr/lib/python3/dist-packages/colcon_core/task/python/colcon_distutils_commands:/home/jestin/SegFaultExp/A3/pathfinder/install/pedestrian/lib/python3.10/site-packages:${PYTHONPATH} /usr/bin/python3 -W ignore:setup.py install is deprecated -W ignore:easy_install command is deprecated setup.py egg_info --egg-base ../../build/pedestrian build --build-base /home/jestin/SegFaultExp/A3/pathfinder/build/pedestrian/build install --record /home/jestin/SegFaultExp/A3/pathfinder/build/pedestrian/install.log --single-version-externally-managed install_data
[1.918s] Level 1:colcon.colcon_core.environment:checking '/home/jestin/SegFaultExp/A3/pathfinder/install/pedestrian' for CMake config files
[1.919s] Level 1:colcon.colcon_core.environment:checking '/home/jestin/SegFaultExp/A3/pathfinder/install/pedestrian/lib'
[1.919s] Level 1:colcon.colcon_core.environment:checking '/home/jestin/SegFaultExp/A3/pathfinder/install/pedestrian/bin'
[1.919s] Level 1:colcon.colcon_core.environment:checking '/home/jestin/SegFaultExp/A3/pathfinder/install/pedestrian/lib/pkgconfig/pedestrian.pc'
[1.919s] Level 1:colcon.colcon_core.environment:checking '/home/jestin/SegFaultExp/A3/pathfinder/install/pedestrian/lib/python3.10/site-packages'
[1.919s] Level 1:colcon.colcon_core.shell:create_environment_hook('pedestrian', 'pythonpath')
[1.920s] INFO:colcon.colcon_core.shell:Creating environment hook '/home/jestin/SegFaultExp/A3/pathfinder/install/pedestrian/share/pedestrian/hook/pythonpath.ps1'
[1.920s] INFO:colcon.colcon_core.shell:Creating environment descriptor '/home/jestin/SegFaultExp/A3/pathfinder/install/pedestrian/share/pedestrian/hook/pythonpath.dsv'
[1.921s] INFO:colcon.colcon_core.shell:Creating environment hook '/home/jestin/SegFaultExp/A3/pathfinder/install/pedestrian/share/pedestrian/hook/pythonpath.sh'
[1.921s] Level 1:colcon.colcon_core.environment:checking '/home/jestin/SegFaultExp/A3/pathfinder/install/pedestrian/bin'
[1.921s] Level 1:colcon.colcon_core.environment:create_environment_scripts_only(pedestrian)
[1.922s] INFO:colcon.colcon_core.shell:Creating package script '/home/jestin/SegFaultExp/A3/pathfinder/install/pedestrian/share/pedestrian/package.ps1'
[1.923s] INFO:colcon.colcon_core.shell:Creating package descriptor '/home/jestin/SegFaultExp/A3/pathfinder/install/pedestrian/share/pedestrian/package.dsv'
[1.923s] INFO:colcon.colcon_core.shell:Creating package script '/home/jestin/SegFaultExp/A3/pathfinder/install/pedestrian/share/pedestrian/package.sh'
[1.924s] INFO:colcon.colcon_core.shell:Creating package script '/home/jestin/SegFaultExp/A3/pathfinder/install/pedestrian/share/pedestrian/package.bash'
[1.924s] INFO:colcon.colcon_core.shell:Creating package script '/home/jestin/SegFaultExp/A3/pathfinder/install/pedestrian/share/pedestrian/package.zsh'
[1.925s] Level 1:colcon.colcon_core.environment:create_file_with_runtime_dependencies(/home/jestin/SegFaultExp/A3/pathfinder/install/pedestrian/share/colcon-core/packages/pedestrian)
[1.925s] Level 1:colcon.colcon_core.environment:checking '/home/jestin/SegFaultExp/A3/pathfinder/install/drive' for CMake module files
[1.926s] Level 1:colcon.colcon_core.environment:checking '/home/jestin/SegFaultExp/A3/pathfinder/install/drive' for CMake config files
[1.927s] DEBUG:colcon.colcon_core.event_handler.log_command:Invoked command in '/home/jestin/SegFaultExp/A3/pathfinder/src/drive' returned '0': PYTHONPATH=/home/jestin/SegFaultExp/A3/pathfinder/build/drive/prefix_override:/usr/lib/python3/dist-packages/colcon_core/task/python/colcon_distutils_commands:/home/jestin/SegFaultExp/A3/pathfinder/install/drive/lib/python3.10/site-packages:${PYTHONPATH} /usr/bin/python3 -W ignore:setup.py install is deprecated -W ignore:easy_install command is deprecated setup.py egg_info --egg-base ../../build/drive build --build-base /home/jestin/SegFaultExp/A3/pathfinder/build/drive/build install --record /home/jestin/SegFaultExp/A3/pathfinder/build/drive/install.log --single-version-externally-managed
[1.928s] Level 1:colcon.colcon_core.environment:checking '/home/jestin/SegFaultExp/A3/pathfinder/install/drive/lib'
[1.928s] Level 1:colcon.colcon_core.environment:checking '/home/jestin/SegFaultExp/A3/pathfinder/install/drive/bin'
[1.928s] Level 1:colcon.colcon_core.environment:checking '/home/jestin/SegFaultExp/A3/pathfinder/install/drive/lib/pkgconfig/drive.pc'
[1.928s] Level 1:colcon.colcon_core.environment:checking '/home/jestin/SegFaultExp/A3/pathfinder/install/drive/lib/python3.10/site-packages'
[1.928s] Level 1:colcon.colcon_core.shell:create_environment_hook('drive', 'pythonpath')
[1.929s] INFO:colcon.colcon_core.shell:Creating environment hook '/home/jestin/SegFaultExp/A3/pathfinder/install/drive/share/drive/hook/pythonpath.ps1'
[1.929s] INFO:colcon.colcon_core.shell:Creating environment descriptor '/home/jestin/SegFaultExp/A3/pathfinder/install/drive/share/drive/hook/pythonpath.dsv'
[1.930s] INFO:colcon.colcon_core.shell:Creating environment hook '/home/jestin/SegFaultExp/A3/pathfinder/install/drive/share/drive/hook/pythonpath.sh'
[1.930s] Level 1:colcon.colcon_core.environment:checking '/home/jestin/SegFaultExp/A3/pathfinder/install/drive/bin'
[1.930s] Level 1:colcon.colcon_core.environment:create_environment_scripts_only(drive)
[1.931s] INFO:colcon.colcon_core.shell:Creating package script '/home/jestin/SegFaultExp/A3/pathfinder/install/drive/share/drive/package.ps1'
[1.931s] INFO:colcon.colcon_core.shell:Creating package descriptor '/home/jestin/SegFaultExp/A3/pathfinder/install/drive/share/drive/package.dsv'
[1.932s] INFO:colcon.colcon_core.shell:Creating package script '/home/jestin/SegFaultExp/A3/pathfinder/install/drive/share/drive/package.sh'
[1.932s] INFO:colcon.colcon_core.shell:Creating package script '/home/jestin/SegFaultExp/A3/pathfinder/install/drive/share/drive/package.bash'
[1.933s] INFO:colcon.colcon_core.shell:Creating package script '/home/jestin/SegFaultExp/A3/pathfinder/install/drive/share/drive/package.zsh'
[1.933s] Level 1:colcon.colcon_core.environment:create_file_with_runtime_dependencies(/home/jestin/SegFaultExp/A3/pathfinder/install/drive/share/colcon-core/packages/drive)
[1.933s] DEBUG:colcon.colcon_parallel_executor.executor.parallel:closing loop
[1.934s] DEBUG:colcon.colcon_parallel_executor.executor.parallel:loop closed
[1.934s] DEBUG:colcon.colcon_parallel_executor.executor.parallel:run_until_complete finished with '0'
[1.934s] DEBUG:colcon.colcon_core.event_reactor:joining thread
[1.940s] INFO:colcon.colcon_core.plugin_system:Skipping extension 'colcon_notification.desktop_notification.terminal_notifier': Not used on non-Darwin systems
[1.940s] INFO:colcon.colcon_core.plugin_system:Skipping extension 'colcon_notification.desktop_notification.win32': Not used on non-Windows systems
[1.940s] INFO:colcon.colcon_notification.desktop_notification:Sending desktop notification using 'notify2'
[1.954s] DEBUG:colcon.colcon_core.event_reactor:joined thread
[1.955s] INFO:colcon.colcon_core.shell:Creating prefix script '/home/jestin/SegFaultExp/A3/pathfinder/install/local_setup.ps1'
[1.956s] INFO:colcon.colcon_core.shell:Creating prefix util module '/home/jestin/SegFaultExp/A3/pathfinder/install/_local_setup_util_ps1.py'
[1.958s] INFO:colcon.colcon_core.shell:Creating prefix chain script '/home/jestin/SegFaultExp/A3/pathfinder/install/setup.ps1'
[1.959s] INFO:colcon.colcon_core.shell:Creating prefix script '/home/jestin/SegFaultExp/A3/pathfinder/install/local_setup.sh'
[1.960s] INFO:colcon.colcon_core.shell:Creating prefix util module '/home/jestin/SegFaultExp/A3/pathfinder/install/_local_setup_util_sh.py'
[1.960s] INFO:colcon.colcon_core.shell:Creating prefix chain script '/home/jestin/SegFaultExp/A3/pathfinder/install/setup.sh'
[1.962s] INFO:colcon.colcon_core.shell:Creating prefix script '/home/jestin/SegFaultExp/A3/pathfinder/install/local_setup.bash'
[1.963s] INFO:colcon.colcon_core.shell:Creating prefix chain script '/home/jestin/SegFaultExp/A3/pathfinder/install/setup.bash'
[1.964s] INFO:colcon.colcon_core.shell:Creating prefix script '/home/jestin/SegFaultExp/A3/pathfinder/install/local_setup.zsh'
[1.965s] INFO:colcon.colcon_core.shell:Creating prefix chain script '/home/jestin/SegFaultExp/A3/pathfinder/install/setup.zsh'
