[0.515s] Invoking command in '/home/neel/Documents/MTRX5700/SegFaultExp/A3/pathfinder/src/pedestrian': PYTHONPATH=/home/neel/Documents/MTRX5700/SegFaultExp/A3/pathfinder/build/pedestrian/prefix_override:/usr/lib/python3/dist-packages/colcon_core/task/python/colcon_distutils_commands:/home/neel/Documents/MTRX5700/SegFaultExp/A3/pathfinder/install/pedestrian/lib/python3.10/site-packages:${PYTHONPATH} /usr/bin/python3 -W ignore:setup.py install is deprecated -W ignore:easy_install command is deprecated setup.py egg_info --egg-base ../../build/pedestrian build --build-base /home/neel/Documents/MTRX5700/SegFaultExp/A3/pathfinder/build/pedestrian/build install --record /home/neel/Documents/MTRX5700/SegFaultExp/A3/pathfinder/build/pedestrian/install.log --single-version-externally-managed install_data
[0.691s] running egg_info
[0.691s] writing ../../build/pedestrian/pedestrian.egg-info/PKG-INFO
[0.692s] writing dependency_links to ../../build/pedestrian/pedestrian.egg-info/dependency_links.txt
[0.692s] writing entry points to ../../build/pedestrian/pedestrian.egg-info/entry_points.txt
[0.692s] writing requirements to ../../build/pedestrian/pedestrian.egg-info/requires.txt
[0.692s] writing top-level names to ../../build/pedestrian/pedestrian.egg-info/top_level.txt
[0.693s] reading manifest file '../../build/pedestrian/pedestrian.egg-info/SOURCES.txt'
[0.693s] adding license file 'LICENSE'
[0.694s] writing manifest file '../../build/pedestrian/pedestrian.egg-info/SOURCES.txt'
[0.694s] running build
[0.694s] running build_py
[0.695s] copying pedestrian/Pedestrian.py -> /home/neel/Documents/MTRX5700/SegFaultExp/A3/pathfinder/build/pedestrian/build/lib/pedestrian
[0.695s] running install
[0.695s] running install_lib
[0.696s] copying /home/neel/Documents/MTRX5700/SegFaultExp/A3/pathfinder/build/pedestrian/build/lib/pedestrian/Pedestrian.py -> /home/neel/Documents/MTRX5700/SegFaultExp/A3/pathfinder/install/pedestrian/lib/python3.10/site-packages/pedestrian
[0.697s] byte-compiling /home/neel/Documents/MTRX5700/SegFaultExp/A3/pathfinder/install/pedestrian/lib/python3.10/site-packages/pedestrian/Pedestrian.py to Pedestrian.cpython-310.pyc
[0.697s] running install_data
[0.697s] Sorry: IndentationError: unexpected indent (Pedestrian.py, line 53)
[0.698s] running install_egg_info
[0.699s] removing '/home/neel/Documents/MTRX5700/SegFaultExp/A3/pathfinder/install/pedestrian/lib/python3.10/site-packages/pedestrian-0.0.0-py3.10.egg-info' (and everything under it)
[0.699s] Copying ../../build/pedestrian/pedestrian.egg-info to /home/neel/Documents/MTRX5700/SegFaultExp/A3/pathfinder/install/pedestrian/lib/python3.10/site-packages/pedestrian-0.0.0-py3.10.egg-info
[0.700s] running install_scripts
[0.713s] Installing Pedestrian script to /home/neel/Documents/MTRX5700/SegFaultExp/A3/pathfinder/install/pedestrian/lib/pedestrian
[0.714s] writing list of installed files to '/home/neel/Documents/MTRX5700/SegFaultExp/A3/pathfinder/build/pedestrian/install.log'
[0.729s] Invoked command in '/home/neel/Documents/MTRX5700/SegFaultExp/A3/pathfinder/src/pedestrian' returned '0': PYTHONPATH=/home/neel/Documents/MTRX5700/SegFaultExp/A3/pathfinder/build/pedestrian/prefix_override:/usr/lib/python3/dist-packages/colcon_core/task/python/colcon_distutils_commands:/home/neel/Documents/MTRX5700/SegFaultExp/A3/pathfinder/install/pedestrian/lib/python3.10/site-packages:${PYTHONPATH} /usr/bin/python3 -W ignore:setup.py install is deprecated -W ignore:easy_install command is deprecated setup.py egg_info --egg-base ../../build/pedestrian build --build-base /home/neel/Documents/MTRX5700/SegFaultExp/A3/pathfinder/build/pedestrian/build install --record /home/neel/Documents/MTRX5700/SegFaultExp/A3/pathfinder/build/pedestrian/install.log --single-version-externally-managed install_data
