[0.550s] Invoking command in '/home/jestin/SegFaultExp/A3/pathfinder/src/pedestrian': PYTHONPATH=/home/jestin/SegFaultExp/A3/pathfinder/build/pedestrian/prefix_override:/usr/lib/python3/dist-packages/colcon_core/task/python/colcon_distutils_commands:/home/jestin/SegFaultExp/A3/pathfinder/install/pedestrian/lib/python3.10/site-packages:${PYTHONPATH} /usr/bin/python3 -W ignore:setup.py install is deprecated -W ignore:easy_install command is deprecated setup.py egg_info --egg-base ../../build/pedestrian build --build-base /home/jestin/SegFaultExp/A3/pathfinder/build/pedestrian/build install --record /home/jestin/SegFaultExp/A3/pathfinder/build/pedestrian/install.log --single-version-externally-managed install_data
[0.761s] running egg_info
[0.762s] writing ../../build/pedestrian/pedestrian.egg-info/PKG-INFO
[0.762s] writing dependency_links to ../../build/pedestrian/pedestrian.egg-info/dependency_links.txt
[0.762s] writing entry points to ../../build/pedestrian/pedestrian.egg-info/entry_points.txt
[0.762s] writing requirements to ../../build/pedestrian/pedestrian.egg-info/requires.txt
[0.762s] writing top-level names to ../../build/pedestrian/pedestrian.egg-info/top_level.txt
[0.764s] reading manifest file '../../build/pedestrian/pedestrian.egg-info/SOURCES.txt'
[0.764s] adding license file 'LICENSE'
[0.764s] writing manifest file '../../build/pedestrian/pedestrian.egg-info/SOURCES.txt'
[0.764s] running build
[0.764s] running build_py
[0.764s] copying pedestrian/ImageFlipper.py -> /home/jestin/SegFaultExp/A3/pathfinder/build/pedestrian/build/lib/pedestrian
[0.765s] running install
[0.765s] running install_lib
[0.766s] copying /home/jestin/SegFaultExp/A3/pathfinder/build/pedestrian/build/lib/pedestrian/ImageFlipper.py -> /home/jestin/SegFaultExp/A3/pathfinder/install/pedestrian/lib/python3.10/site-packages/pedestrian
[0.766s] byte-compiling /home/jestin/SegFaultExp/A3/pathfinder/install/pedestrian/lib/python3.10/site-packages/pedestrian/ImageFlipper.py to ImageFlipper.cpython-310.pyc
[0.766s] running install_data
[0.766s] copying launch/pedestrian.launch.py -> /home/jestin/SegFaultExp/A3/pathfinder/install/pedestrian/share/pedestrian/launch
[0.766s] running install_egg_info
[0.768s] removing '/home/jestin/SegFaultExp/A3/pathfinder/install/pedestrian/lib/python3.10/site-packages/pedestrian-0.0.0-py3.10.egg-info' (and everything under it)
[0.768s] Copying ../../build/pedestrian/pedestrian.egg-info to /home/jestin/SegFaultExp/A3/pathfinder/install/pedestrian/lib/python3.10/site-packages/pedestrian-0.0.0-py3.10.egg-info
[0.768s] running install_scripts
[0.784s] Installing ImageFlipper script to /home/jestin/SegFaultExp/A3/pathfinder/install/pedestrian/lib/pedestrian
[0.784s] Installing Pedestrian script to /home/jestin/SegFaultExp/A3/pathfinder/install/pedestrian/lib/pedestrian
[0.784s] writing list of installed files to '/home/jestin/SegFaultExp/A3/pathfinder/build/pedestrian/install.log'
[0.804s] Invoked command in '/home/jestin/SegFaultExp/A3/pathfinder/src/pedestrian' returned '0': PYTHONPATH=/home/jestin/SegFaultExp/A3/pathfinder/build/pedestrian/prefix_override:/usr/lib/python3/dist-packages/colcon_core/task/python/colcon_distutils_commands:/home/jestin/SegFaultExp/A3/pathfinder/install/pedestrian/lib/python3.10/site-packages:${PYTHONPATH} /usr/bin/python3 -W ignore:setup.py install is deprecated -W ignore:easy_install command is deprecated setup.py egg_info --egg-base ../../build/pedestrian build --build-base /home/jestin/SegFaultExp/A3/pathfinder/build/pedestrian/build install --record /home/jestin/SegFaultExp/A3/pathfinder/build/pedestrian/install.log --single-version-externally-managed install_data
