[0.937s] Invoking command in '/home/jestin/SegFaultExp/A3/pathfinder/src/pedestrian': PYTHONPATH=/home/jestin/SegFaultExp/A3/pathfinder/build/pedestrian/prefix_override:/usr/lib/python3/dist-packages/colcon_core/task/python/colcon_distutils_commands:/home/jestin/SegFaultExp/A3/pathfinder/install/pedestrian/lib/python3.10/site-packages:${PYTHONPATH} /usr/bin/python3 -W ignore:setup.py install is deprecated -W ignore:easy_install command is deprecated setup.py egg_info --egg-base ../../build/pedestrian build --build-base /home/jestin/SegFaultExp/A3/pathfinder/build/pedestrian/build install --record /home/jestin/SegFaultExp/A3/pathfinder/build/pedestrian/install.log --single-version-externally-managed install_data
[1.202s] running egg_info
[1.202s] writing ../../build/pedestrian/pedestrian.egg-info/PKG-INFO
[1.203s] writing dependency_links to ../../build/pedestrian/pedestrian.egg-info/dependency_links.txt
[1.203s] writing entry points to ../../build/pedestrian/pedestrian.egg-info/entry_points.txt
[1.203s] writing requirements to ../../build/pedestrian/pedestrian.egg-info/requires.txt
[1.207s] writing top-level names to ../../build/pedestrian/pedestrian.egg-info/top_level.txt
[1.209s] reading manifest file '../../build/pedestrian/pedestrian.egg-info/SOURCES.txt'
[1.209s] adding license file 'LICENSE'
[1.210s] writing manifest file '../../build/pedestrian/pedestrian.egg-info/SOURCES.txt'
[1.210s] running build
[1.210s] running build_py
[1.210s] running install
[1.210s] running install_lib
[1.211s] byte-compiling /home/jestin/SegFaultExp/A3/pathfinder/install/pedestrian/lib/python3.10/site-packages/pedestrian/Pedestrian.py to Pedestrian.cpython-310.pyc
[1.213s] byte-compiling /home/jestin/SegFaultExp/A3/pathfinder/install/pedestrian/lib/python3.10/site-packages/pedestrian/ImageFlipper.py to ImageFlipper.cpython-310.pyc
[1.213s] running install_data
[1.213s] running install_egg_info
[1.215s] removing '/home/jestin/SegFaultExp/A3/pathfinder/install/pedestrian/lib/python3.10/site-packages/pedestrian-0.0.0-py3.10.egg-info' (and everything under it)
[1.215s] Copying ../../build/pedestrian/pedestrian.egg-info to /home/jestin/SegFaultExp/A3/pathfinder/install/pedestrian/lib/python3.10/site-packages/pedestrian-0.0.0-py3.10.egg-info
[1.216s] running install_scripts
[1.237s] Installing Pedestrian script to /home/jestin/SegFaultExp/A3/pathfinder/install/pedestrian/lib/pedestrian
[1.237s] writing list of installed files to '/home/jestin/SegFaultExp/A3/pathfinder/build/pedestrian/install.log'
[1.277s] Invoked command in '/home/jestin/SegFaultExp/A3/pathfinder/src/pedestrian' returned '0': PYTHONPATH=/home/jestin/SegFaultExp/A3/pathfinder/build/pedestrian/prefix_override:/usr/lib/python3/dist-packages/colcon_core/task/python/colcon_distutils_commands:/home/jestin/SegFaultExp/A3/pathfinder/install/pedestrian/lib/python3.10/site-packages:${PYTHONPATH} /usr/bin/python3 -W ignore:setup.py install is deprecated -W ignore:easy_install command is deprecated setup.py egg_info --egg-base ../../build/pedestrian build --build-base /home/jestin/SegFaultExp/A3/pathfinder/build/pedestrian/build install --record /home/jestin/SegFaultExp/A3/pathfinder/build/pedestrian/install.log --single-version-externally-managed install_data
