[1.047s] Invoking command in '/home/jestin/SegFaultExp/A3/pathfinder/src/drive': PYTHONPATH=/home/jestin/SegFaultExp/A3/pathfinder/build/drive/prefix_override:/usr/lib/python3/dist-packages/colcon_core/task/python/colcon_distutils_commands:/home/jestin/SegFaultExp/A3/pathfinder/install/drive/lib/python3.10/site-packages:${PYTHONPATH} /usr/bin/python3 -W ignore:setup.py install is deprecated -W ignore:easy_install command is deprecated setup.py egg_info --egg-base ../../build/drive build --build-base /home/jestin/SegFaultExp/A3/pathfinder/build/drive/build install --record /home/jestin/SegFaultExp/A3/pathfinder/build/drive/install.log --single-version-externally-managed install_data
[1.280s] running egg_info
[1.280s] creating ../../build/drive/drive.egg-info
[1.281s] writing ../../build/drive/drive.egg-info/PKG-INFO
[1.281s] writing dependency_links to ../../build/drive/drive.egg-info/dependency_links.txt
[1.282s] writing entry points to ../../build/drive/drive.egg-info/entry_points.txt
[1.282s] writing requirements to ../../build/drive/drive.egg-info/requires.txt
[1.282s] writing top-level names to ../../build/drive/drive.egg-info/top_level.txt
[1.282s] writing manifest file '../../build/drive/drive.egg-info/SOURCES.txt'
[1.283s] reading manifest file '../../build/drive/drive.egg-info/SOURCES.txt'
[1.283s] adding license file 'LICENSE'
[1.284s] writing manifest file '../../build/drive/drive.egg-info/SOURCES.txt'
[1.284s] running build
[1.284s] running build_py
[1.284s] creating /home/jestin/SegFaultExp/A3/pathfinder/build/drive/build
[1.284s] creating /home/jestin/SegFaultExp/A3/pathfinder/build/drive/build/lib
[1.284s] creating /home/jestin/SegFaultExp/A3/pathfinder/build/drive/build/lib/drive
[1.284s] copying drive/__init__.py -> /home/jestin/SegFaultExp/A3/pathfinder/build/drive/build/lib/drive
[1.284s] copying drive/driver.py -> /home/jestin/SegFaultExp/A3/pathfinder/build/drive/build/lib/drive
[1.284s] copying drive/coordinates.py -> /home/jestin/SegFaultExp/A3/pathfinder/build/drive/build/lib/drive
[1.285s] copying drive/driver2.py -> /home/jestin/SegFaultExp/A3/pathfinder/build/drive/build/lib/drive
[1.286s] running install
[1.286s] running install_lib
[1.286s] creating /home/jestin/SegFaultExp/A3/pathfinder/install/drive/lib/python3.10/site-packages/drive
[1.286s] copying /home/jestin/SegFaultExp/A3/pathfinder/build/drive/build/lib/drive/__init__.py -> /home/jestin/SegFaultExp/A3/pathfinder/install/drive/lib/python3.10/site-packages/drive
[1.287s] copying /home/jestin/SegFaultExp/A3/pathfinder/build/drive/build/lib/drive/driver.py -> /home/jestin/SegFaultExp/A3/pathfinder/install/drive/lib/python3.10/site-packages/drive
[1.287s] copying /home/jestin/SegFaultExp/A3/pathfinder/build/drive/build/lib/drive/coordinates.py -> /home/jestin/SegFaultExp/A3/pathfinder/install/drive/lib/python3.10/site-packages/drive
[1.287s] copying /home/jestin/SegFaultExp/A3/pathfinder/build/drive/build/lib/drive/driver2.py -> /home/jestin/SegFaultExp/A3/pathfinder/install/drive/lib/python3.10/site-packages/drive
[1.287s] byte-compiling /home/jestin/SegFaultExp/A3/pathfinder/install/drive/lib/python3.10/site-packages/drive/__init__.py to __init__.cpython-310.pyc
[1.287s] byte-compiling /home/jestin/SegFaultExp/A3/pathfinder/install/drive/lib/python3.10/site-packages/drive/driver.py to driver.cpython-310.pyc
[1.288s] byte-compiling /home/jestin/SegFaultExp/A3/pathfinder/install/drive/lib/python3.10/site-packages/drive/coordinates.py to coordinates.cpython-310.pyc
[1.289s] byte-compiling /home/jestin/SegFaultExp/A3/pathfinder/install/drive/lib/python3.10/site-packages/drive/driver2.py to driver2.cpython-310.pyc
[1.289s] running install_data
[1.289s] creating /home/jestin/SegFaultExp/A3/pathfinder/install/drive/share/ament_index
[1.289s] creating /home/jestin/SegFaultExp/A3/pathfinder/install/drive/share/ament_index/resource_index
[1.289s] creating /home/jestin/SegFaultExp/A3/pathfinder/install/drive/share/ament_index/resource_index/packages
[1.289s] copying resource/drive -> /home/jestin/SegFaultExp/A3/pathfinder/install/drive/share/ament_index/resource_index/packages
[1.289s] copying package.xml -> /home/jestin/SegFaultExp/A3/pathfinder/install/drive/share/drive
[1.289s] creating /home/jestin/SegFaultExp/A3/pathfinder/install/drive/share/drive/launch
[1.289s] copying launch/all.launch.py -> /home/jestin/SegFaultExp/A3/pathfinder/install/drive/share/drive/launch
[1.290s] copying launch/drive.launch.py -> /home/jestin/SegFaultExp/A3/pathfinder/install/drive/share/drive/launch
[1.290s] running install_egg_info
[1.291s] Copying ../../build/drive/drive.egg-info to /home/jestin/SegFaultExp/A3/pathfinder/install/drive/lib/python3.10/site-packages/drive-0.0.0-py3.10.egg-info
[1.292s] running install_scripts
[1.308s] Installing coordinates script to /home/jestin/SegFaultExp/A3/pathfinder/install/drive/lib/drive
[1.308s] Installing driver script to /home/jestin/SegFaultExp/A3/pathfinder/install/drive/lib/drive
[1.309s] writing list of installed files to '/home/jestin/SegFaultExp/A3/pathfinder/build/drive/install.log'
[1.343s] Invoked command in '/home/jestin/SegFaultExp/A3/pathfinder/src/drive' returned '0': PYTHONPATH=/home/jestin/SegFaultExp/A3/pathfinder/build/drive/prefix_override:/usr/lib/python3/dist-packages/colcon_core/task/python/colcon_distutils_commands:/home/jestin/SegFaultExp/A3/pathfinder/install/drive/lib/python3.10/site-packages:${PYTHONPATH} /usr/bin/python3 -W ignore:setup.py install is deprecated -W ignore:easy_install command is deprecated setup.py egg_info --egg-base ../../build/drive build --build-base /home/jestin/SegFaultExp/A3/pathfinder/build/drive/build install --record /home/jestin/SegFaultExp/A3/pathfinder/build/drive/install.log --single-version-externally-managed install_data
