[0.146s] DEBUG:colcon:Command line arguments: ['/usr/bin/colcon', 'build', '--packages-select', 'drive']
[0.146s] DEBUG:colcon:Parsed command line arguments: Namespace(log_base=None, log_level=None, verb_name='build', build_base='build', install_base='install', merge_install=False, symlink_install=False, test_result_base=None, continue_on_error=False, executor='parallel', parallel_workers=8, event_handlers=None, ignore_user_meta=False, metas=['./colcon.meta'], base_paths=['.'], packages_ignore=None, packages_ignore_regex=None, paths=None, packages_up_to=None, packages_up_to_regex=None, packages_above=None, packages_above_and_dependencies=None, packages_above_depth=None, packages_select_by_dep=None, packages_skip_by_dep=None, packages_skip_up_to=None, packages_select_build_failed=False, packages_skip_build_finished=False, packages_select_test_failures=False, packages_skip_test_passed=False, packages_select=['drive'], packages_skip=None, packages_select_regex=None, packages_skip_regex=None, packages_start=None, packages_end=None, allow_overriding=[], cmake_args=None, cmake_target=None, cmake_target_skip_unavailable=False, cmake_clean_cache=False, cmake_clean_first=False, cmake_force_configure=False, ament_cmake_args=None, catkin_cmake_args=None, catkin_skip_building_tests=False, mixin_files=None, mixin=None, verb_parser=<colcon_mixin.mixin.mixin_argument.MixinArgumentDecorator object at 0x7c4cfefb1c00>, verb_extension=<colcon_core.verb.build.BuildVerb object at 0x7c4cfef2b2b0>, main=<bound method BuildVerb.main of <colcon_core.verb.build.BuildVerb object at 0x7c4cfef2b2b0>>, mixin_verb=('build',))
[0.309s] Level 1:colcon.colcon_core.package_discovery:discover_packages(colcon_meta) check parameters
[0.309s] Level 1:colcon.colcon_core.package_discovery:discover_packages(recursive) check parameters
[0.309s] Level 1:colcon.colcon_core.package_discovery:discover_packages(ignore) check parameters
[0.309s] Level 1:colcon.colcon_core.package_discovery:discover_packages(path) check parameters
[0.309s] Level 1:colcon.colcon_core.package_discovery:discover_packages(colcon_meta) discover
[0.309s] Level 1:colcon.colcon_core.package_discovery:discover_packages(recursive) discover
[0.309s] INFO:colcon.colcon_core.package_discovery:Crawling recursively for packages in '/home/jestin/SegFaultExp/A3/pathfinder'
[0.309s] Level 1:colcon.colcon_core.package_identification:_identify(.) by extensions ['ignore', 'ignore_ament_install']
[0.309s] Level 1:colcon.colcon_core.package_identification:_identify(.) by extension 'ignore'
[0.309s] Level 1:colcon.colcon_core.package_identification:_identify(.) by extension 'ignore_ament_install'
[0.309s] Level 1:colcon.colcon_core.package_identification:_identify(.) by extensions ['colcon_pkg']
[0.309s] Level 1:colcon.colcon_core.package_identification:_identify(.) by extension 'colcon_pkg'
[0.309s] Level 1:colcon.colcon_core.package_identification:_identify(.) by extensions ['colcon_meta']
[0.309s] Level 1:colcon.colcon_core.package_identification:_identify(.) by extension 'colcon_meta'
[0.309s] Level 1:colcon.colcon_core.package_identification:_identify(.) by extensions ['ros']
[0.309s] Level 1:colcon.colcon_core.package_identification:_identify(.) by extension 'ros'
[0.318s] Level 1:colcon.colcon_core.package_identification:_identify(.) by extensions ['cmake', 'python']
[0.318s] Level 1:colcon.colcon_core.package_identification:_identify(.) by extension 'cmake'
[0.318s] Level 1:colcon.colcon_core.package_identification:_identify(.) by extension 'python'
[0.318s] Level 1:colcon.colcon_core.package_identification:_identify(.) by extensions ['python_setup_py']
[0.318s] Level 1:colcon.colcon_core.package_identification:_identify(.) by extension 'python_setup_py'
[0.318s] Level 1:colcon.colcon_core.package_identification:_identify(build) by extensions ['ignore', 'ignore_ament_install']
[0.318s] Level 1:colcon.colcon_core.package_identification:_identify(build) by extension 'ignore'
[0.318s] Level 1:colcon.colcon_core.package_identification:_identify(build) ignored
[0.318s] Level 1:colcon.colcon_core.package_identification:_identify(install) by extensions ['ignore', 'ignore_ament_install']
[0.318s] Level 1:colcon.colcon_core.package_identification:_identify(install) by extension 'ignore'
[0.318s] Level 1:colcon.colcon_core.package_identification:_identify(install) ignored
[0.318s] Level 1:colcon.colcon_core.package_identification:_identify(log) by extensions ['ignore', 'ignore_ament_install']
[0.319s] Level 1:colcon.colcon_core.package_identification:_identify(log) by extension 'ignore'
[0.319s] Level 1:colcon.colcon_core.package_identification:_identify(log) ignored
[0.319s] Level 1:colcon.colcon_core.package_identification:_identify(src) by extensions ['ignore', 'ignore_ament_install']
[0.319s] Level 1:colcon.colcon_core.package_identification:_identify(src) by extension 'ignore'
[0.319s] Level 1:colcon.colcon_core.package_identification:_identify(src) by extension 'ignore_ament_install'
[0.319s] Level 1:colcon.colcon_core.package_identification:_identify(src) by extensions ['colcon_pkg']
[0.319s] Level 1:colcon.colcon_core.package_identification:_identify(src) by extension 'colcon_pkg'
[0.319s] Level 1:colcon.colcon_core.package_identification:_identify(src) by extensions ['colcon_meta']
[0.319s] Level 1:colcon.colcon_core.package_identification:_identify(src) by extension 'colcon_meta'
[0.319s] Level 1:colcon.colcon_core.package_identification:_identify(src) by extensions ['ros']
[0.319s] Level 1:colcon.colcon_core.package_identification:_identify(src) by extension 'ros'
[0.319s] Level 1:colcon.colcon_core.package_identification:_identify(src) by extensions ['cmake', 'python']
[0.319s] Level 1:colcon.colcon_core.package_identification:_identify(src) by extension 'cmake'
[0.319s] Level 1:colcon.colcon_core.package_identification:_identify(src) by extension 'python'
[0.319s] Level 1:colcon.colcon_core.package_identification:_identify(src) by extensions ['python_setup_py']
[0.319s] Level 1:colcon.colcon_core.package_identification:_identify(src) by extension 'python_setup_py'
[0.319s] Level 1:colcon.colcon_core.package_identification:_identify(src/drive) by extensions ['ignore', 'ignore_ament_install']
[0.319s] Level 1:colcon.colcon_core.package_identification:_identify(src/drive) by extension 'ignore'
[0.319s] Level 1:colcon.colcon_core.package_identification:_identify(src/drive) by extension 'ignore_ament_install'
[0.319s] Level 1:colcon.colcon_core.package_identification:_identify(src/drive) by extensions ['colcon_pkg']
[0.319s] Level 1:colcon.colcon_core.package_identification:_identify(src/drive) by extension 'colcon_pkg'
[0.319s] Level 1:colcon.colcon_core.package_identification:_identify(src/drive) by extensions ['colcon_meta']
[0.319s] Level 1:colcon.colcon_core.package_identification:_identify(src/drive) by extension 'colcon_meta'
[0.319s] Level 1:colcon.colcon_core.package_identification:_identify(src/drive) by extensions ['ros']
[0.319s] Level 1:colcon.colcon_core.package_identification:_identify(src/drive) by extension 'ros'
[0.322s] DEBUG:colcon.colcon_core.package_identification:Package 'src/drive' with type 'ros.ament_python' and name 'drive'
[0.322s] Level 1:colcon.colcon_core.package_identification:_identify(src/pedestrian) by extensions ['ignore', 'ignore_ament_install']
[0.322s] Level 1:colcon.colcon_core.package_identification:_identify(src/pedestrian) by extension 'ignore'
[0.322s] Level 1:colcon.colcon_core.package_identification:_identify(src/pedestrian) by extension 'ignore_ament_install'
[0.322s] Level 1:colcon.colcon_core.package_identification:_identify(src/pedestrian) by extensions ['colcon_pkg']
[0.322s] Level 1:colcon.colcon_core.package_identification:_identify(src/pedestrian) by extension 'colcon_pkg'
[0.322s] Level 1:colcon.colcon_core.package_identification:_identify(src/pedestrian) by extensions ['colcon_meta']
[0.322s] Level 1:colcon.colcon_core.package_identification:_identify(src/pedestrian) by extension 'colcon_meta'
[0.322s] Level 1:colcon.colcon_core.package_identification:_identify(src/pedestrian) by extensions ['ros']
[0.322s] Level 1:colcon.colcon_core.package_identification:_identify(src/pedestrian) by extension 'ros'
[0.323s] DEBUG:colcon.colcon_core.package_identification:Package 'src/pedestrian' with type 'ros.ament_python' and name 'pedestrian'
[0.323s] Level 1:colcon.colcon_core.package_identification:_identify(src/testing) by extensions ['ignore', 'ignore_ament_install']
[0.323s] Level 1:colcon.colcon_core.package_identification:_identify(src/testing) by extension 'ignore'
[0.323s] Level 1:colcon.colcon_core.package_identification:_identify(src/testing) by extension 'ignore_ament_install'
[0.323s] Level 1:colcon.colcon_core.package_identification:_identify(src/testing) by extensions ['colcon_pkg']
[0.323s] Level 1:colcon.colcon_core.package_identification:_identify(src/testing) by extension 'colcon_pkg'
[0.323s] Level 1:colcon.colcon_core.package_identification:_identify(src/testing) by extensions ['colcon_meta']
[0.323s] Level 1:colcon.colcon_core.package_identification:_identify(src/testing) by extension 'colcon_meta'
[0.323s] Level 1:colcon.colcon_core.package_identification:_identify(src/testing) by extensions ['ros']
[0.323s] Level 1:colcon.colcon_core.package_identification:_identify(src/testing) by extension 'ros'
[0.324s] DEBUG:colcon.colcon_core.package_identification:Package 'src/testing' with type 'ros.ament_python' and name 'testing'
[0.324s] Level 1:colcon.colcon_core.package_discovery:discover_packages(recursive) using defaults
[0.324s] Level 1:colcon.colcon_core.package_discovery:discover_packages(ignore) discover
[0.324s] Level 1:colcon.colcon_core.package_discovery:discover_packages(ignore) using defaults
[0.324s] Level 1:colcon.colcon_core.package_discovery:discover_packages(path) discover
[0.324s] Level 1:colcon.colcon_core.package_discovery:discover_packages(path) using defaults
[0.343s] INFO:colcon.colcon_core.package_selection:Skipping not selected package 'pedestrian' in 'src/pedestrian'
[0.343s] INFO:colcon.colcon_core.package_selection:Skipping not selected package 'testing' in 'src/testing'
[0.343s] Level 1:colcon.colcon_core.package_discovery:discover_packages(prefix_path) check parameters
[0.343s] Level 1:colcon.colcon_core.package_discovery:discover_packages(prefix_path) discover
[0.347s] DEBUG:colcon.colcon_installed_package_information.package_discovery:Found 504 installed packages in /opt/ros/humble
[0.349s] Level 1:colcon.colcon_core.package_discovery:discover_packages(prefix_path) using defaults
[0.389s] Level 5:colcon.colcon_core.verb:set package 'drive' build argument 'cmake_args' from command line to 'None'
[0.389s] Level 5:colcon.colcon_core.verb:set package 'drive' build argument 'cmake_target' from command line to 'None'
[0.389s] Level 5:colcon.colcon_core.verb:set package 'drive' build argument 'cmake_target_skip_unavailable' from command line to 'False'
[0.389s] Level 5:colcon.colcon_core.verb:set package 'drive' build argument 'cmake_clean_cache' from command line to 'False'
[0.389s] Level 5:colcon.colcon_core.verb:set package 'drive' build argument 'cmake_clean_first' from command line to 'False'
[0.389s] Level 5:colcon.colcon_core.verb:set package 'drive' build argument 'cmake_force_configure' from command line to 'False'
[0.389s] Level 5:colcon.colcon_core.verb:set package 'drive' build argument 'ament_cmake_args' from command line to 'None'
[0.389s] Level 5:colcon.colcon_core.verb:set package 'drive' build argument 'catkin_cmake_args' from command line to 'None'
[0.389s] Level 5:colcon.colcon_core.verb:set package 'drive' build argument 'catkin_skip_building_tests' from command line to 'False'
[0.389s] DEBUG:colcon.colcon_core.verb:Building package 'drive' with the following arguments: {'ament_cmake_args': None, 'build_base': '/home/jestin/SegFaultExp/A3/pathfinder/build/drive', 'catkin_cmake_args': None, 'catkin_skip_building_tests': False, 'cmake_args': None, 'cmake_clean_cache': False, 'cmake_clean_first': False, 'cmake_force_configure': False, 'cmake_target': None, 'cmake_target_skip_unavailable': False, 'install_base': '/home/jestin/SegFaultExp/A3/pathfinder/install/drive', 'merge_install': False, 'path': '/home/jestin/SegFaultExp/A3/pathfinder/src/drive', 'symlink_install': False, 'test_result_base': None}
[0.389s] INFO:colcon.colcon_core.executor:Executing jobs using 'parallel' executor
[0.390s] DEBUG:colcon.colcon_parallel_executor.executor.parallel:run_until_complete
[0.390s] INFO:colcon.colcon_ros.task.ament_python.build:Building ROS package in '/home/jestin/SegFaultExp/A3/pathfinder/src/drive' with build type 'ament_python'
[0.391s] Level 1:colcon.colcon_core.shell:create_environment_hook('drive', 'ament_prefix_path')
[0.395s] INFO:colcon.colcon_core.plugin_system:Skipping extension 'colcon_core.shell.bat': Not used on non-Windows systems
[0.395s] INFO:colcon.colcon_core.shell:Creating environment hook '/home/jestin/SegFaultExp/A3/pathfinder/install/drive/share/drive/hook/ament_prefix_path.ps1'
[0.396s] INFO:colcon.colcon_core.shell:Creating environment descriptor '/home/jestin/SegFaultExp/A3/pathfinder/install/drive/share/drive/hook/ament_prefix_path.dsv'
[0.398s] INFO:colcon.colcon_core.shell:Creating environment hook '/home/jestin/SegFaultExp/A3/pathfinder/install/drive/share/drive/hook/ament_prefix_path.sh'
[0.399s] INFO:colcon.colcon_core.shell:Skip shell extension 'powershell' for command environment: Not usable outside of PowerShell
[0.399s] DEBUG:colcon.colcon_core.shell:Skip shell extension 'dsv' for command environment
[0.630s] INFO:colcon.colcon_core.task.python.build:Building Python package in '/home/jestin/SegFaultExp/A3/pathfinder/src/drive'
[0.630s] INFO:colcon.colcon_core.shell:Skip shell extension 'powershell' for command environment: Not usable outside of PowerShell
[0.631s] DEBUG:colcon.colcon_core.shell:Skip shell extension 'dsv' for command environment
[0.999s] DEBUG:colcon.colcon_core.event_handler.log_command:Invoking command in '/home/jestin/SegFaultExp/A3/pathfinder/src/drive': PYTHONPATH=/home/jestin/SegFaultExp/A3/pathfinder/build/drive/prefix_override:/usr/lib/python3/dist-packages/colcon_core/task/python/colcon_distutils_commands:/home/jestin/SegFaultExp/A3/pathfinder/install/drive/lib/python3.10/site-packages:${PYTHONPATH} /usr/bin/python3 -W ignore:setup.py install is deprecated -W ignore:easy_install command is deprecated setup.py egg_info --egg-base ../../build/drive build --build-base /home/jestin/SegFaultExp/A3/pathfinder/build/drive/build install --record /home/jestin/SegFaultExp/A3/pathfinder/build/drive/install.log --single-version-externally-managed install_data
[1.256s] DEBUG:colcon.colcon_core.event_handler.log_command:Invoked command in '/home/jestin/SegFaultExp/A3/pathfinder/src/drive' returned '0': PYTHONPATH=/home/jestin/SegFaultExp/A3/pathfinder/build/drive/prefix_override:/usr/lib/python3/dist-packages/colcon_core/task/python/colcon_distutils_commands:/home/jestin/SegFaultExp/A3/pathfinder/install/drive/lib/python3.10/site-packages:${PYTHONPATH} /usr/bin/python3 -W ignore:setup.py install is deprecated -W ignore:easy_install command is deprecated setup.py egg_info --egg-base ../../build/drive build --build-base /home/jestin/SegFaultExp/A3/pathfinder/build/drive/build install --record /home/jestin/SegFaultExp/A3/pathfinder/build/drive/install.log --single-version-externally-managed install_data
[1.263s] Level 1:colcon.colcon_core.environment:checking '/home/jestin/SegFaultExp/A3/pathfinder/install/drive' for CMake module files
[1.263s] Level 1:colcon.colcon_core.environment:checking '/home/jestin/SegFaultExp/A3/pathfinder/install/drive' for CMake config files
[1.263s] Level 1:colcon.colcon_core.environment:checking '/home/jestin/SegFaultExp/A3/pathfinder/install/drive/lib'
[1.264s] Level 1:colcon.colcon_core.environment:checking '/home/jestin/SegFaultExp/A3/pathfinder/install/drive/bin'
[1.264s] Level 1:colcon.colcon_core.environment:checking '/home/jestin/SegFaultExp/A3/pathfinder/install/drive/lib/pkgconfig/drive.pc'
[1.264s] Level 1:colcon.colcon_core.environment:checking '/home/jestin/SegFaultExp/A3/pathfinder/install/drive/lib/python3.10/site-packages'
[1.264s] Level 1:colcon.colcon_core.shell:create_environment_hook('drive', 'pythonpath')
[1.264s] INFO:colcon.colcon_core.shell:Creating environment hook '/home/jestin/SegFaultExp/A3/pathfinder/install/drive/share/drive/hook/pythonpath.ps1'
[1.264s] INFO:colcon.colcon_core.shell:Creating environment descriptor '/home/jestin/SegFaultExp/A3/pathfinder/install/drive/share/drive/hook/pythonpath.dsv'
[1.265s] INFO:colcon.colcon_core.shell:Creating environment hook '/home/jestin/SegFaultExp/A3/pathfinder/install/drive/share/drive/hook/pythonpath.sh'
[1.265s] Level 1:colcon.colcon_core.environment:checking '/home/jestin/SegFaultExp/A3/pathfinder/install/drive/bin'
[1.265s] Level 1:colcon.colcon_core.environment:create_environment_scripts_only(drive)
[1.266s] INFO:colcon.colcon_core.shell:Creating package script '/home/jestin/SegFaultExp/A3/pathfinder/install/drive/share/drive/package.ps1'
[1.267s] INFO:colcon.colcon_core.shell:Creating package descriptor '/home/jestin/SegFaultExp/A3/pathfinder/install/drive/share/drive/package.dsv'
[1.268s] INFO:colcon.colcon_core.shell:Creating package script '/home/jestin/SegFaultExp/A3/pathfinder/install/drive/share/drive/package.sh'
[1.269s] INFO:colcon.colcon_core.shell:Creating package script '/home/jestin/SegFaultExp/A3/pathfinder/install/drive/share/drive/package.bash'
[1.270s] INFO:colcon.colcon_core.shell:Creating package script '/home/jestin/SegFaultExp/A3/pathfinder/install/drive/share/drive/package.zsh'
[1.271s] Level 1:colcon.colcon_core.environment:create_file_with_runtime_dependencies(/home/jestin/SegFaultExp/A3/pathfinder/install/drive/share/colcon-core/packages/drive)
[1.271s] DEBUG:colcon.colcon_parallel_executor.executor.parallel:closing loop
[1.271s] DEBUG:colcon.colcon_parallel_executor.executor.parallel:loop closed
[1.271s] DEBUG:colcon.colcon_parallel_executor.executor.parallel:run_until_complete finished with '0'
[1.271s] DEBUG:colcon.colcon_core.event_reactor:joining thread
[1.277s] INFO:colcon.colcon_core.plugin_system:Skipping extension 'colcon_notification.desktop_notification.terminal_notifier': Not used on non-Darwin systems
[1.277s] INFO:colcon.colcon_core.plugin_system:Skipping extension 'colcon_notification.desktop_notification.win32': Not used on non-Windows systems
[1.277s] INFO:colcon.colcon_notification.desktop_notification:Sending desktop notification using 'notify2'
[1.295s] DEBUG:colcon.colcon_core.event_reactor:joined thread
[1.296s] INFO:colcon.colcon_core.shell:Creating prefix script '/home/jestin/SegFaultExp/A3/pathfinder/install/local_setup.ps1'
[1.297s] INFO:colcon.colcon_core.shell:Creating prefix util module '/home/jestin/SegFaultExp/A3/pathfinder/install/_local_setup_util_ps1.py'
[1.299s] INFO:colcon.colcon_core.shell:Creating prefix chain script '/home/jestin/SegFaultExp/A3/pathfinder/install/setup.ps1'
[1.301s] INFO:colcon.colcon_core.shell:Creating prefix script '/home/jestin/SegFaultExp/A3/pathfinder/install/local_setup.sh'
[1.302s] INFO:colcon.colcon_core.shell:Creating prefix util module '/home/jestin/SegFaultExp/A3/pathfinder/install/_local_setup_util_sh.py'
[1.303s] INFO:colcon.colcon_core.shell:Creating prefix chain script '/home/jestin/SegFaultExp/A3/pathfinder/install/setup.sh'
[1.304s] INFO:colcon.colcon_core.shell:Creating prefix script '/home/jestin/SegFaultExp/A3/pathfinder/install/local_setup.bash'
[1.305s] INFO:colcon.colcon_core.shell:Creating prefix chain script '/home/jestin/SegFaultExp/A3/pathfinder/install/setup.bash'
[1.306s] INFO:colcon.colcon_core.shell:Creating prefix script '/home/jestin/SegFaultExp/A3/pathfinder/install/local_setup.zsh'
[1.307s] INFO:colcon.colcon_core.shell:Creating prefix chain script '/home/jestin/SegFaultExp/A3/pathfinder/install/setup.zsh'
