[1.066s] Invoking command in '/home/jestin/SegFaultExp/A3/pathfinder/src/drive': PYTHONPATH=/home/jestin/SegFaultExp/A3/pathfinder/build/drive/prefix_override:/usr/lib/python3/dist-packages/colcon_core/task/python/colcon_distutils_commands:/home/jestin/SegFaultExp/A3/pathfinder/install/drive/lib/python3.10/site-packages:${PYTHONPATH} /usr/bin/python3 -W ignore:setup.py install is deprecated -W ignore:easy_install command is deprecated setup.py egg_info --egg-base ../../build/drive build --build-base /home/jestin/SegFaultExp/A3/pathfinder/build/drive/build install --record /home/jestin/SegFaultExp/A3/pathfinder/build/drive/install.log --single-version-externally-managed install_data
[1.331s] running egg_info
[1.332s] creating ../../build/drive/drive.egg-info
[1.332s] writing ../../build/drive/drive.egg-info/PKG-INFO
[1.333s] writing dependency_links to ../../build/drive/drive.egg-info/dependency_links.txt
[1.333s] writing entry points to ../../build/drive/drive.egg-info/entry_points.txt
[1.333s] writing requirements to ../../build/drive/drive.egg-info/requires.txt
[1.333s] writing top-level names to ../../build/drive/drive.egg-info/top_level.txt
[1.334s] writing manifest file '../../build/drive/drive.egg-info/SOURCES.txt'
[1.335s] reading manifest file '../../build/drive/drive.egg-info/SOURCES.txt'
[1.335s] adding license file 'LICENSE'
[1.336s] writing manifest file '../../build/drive/drive.egg-info/SOURCES.txt'
[1.336s] running build
[1.336s] running build_py
[1.336s] creating /home/jestin/SegFaultExp/A3/pathfinder/build/drive/build
[1.336s] creating /home/jestin/SegFaultExp/A3/pathfinder/build/drive/build/lib
[1.337s] creating /home/jestin/SegFaultExp/A3/pathfinder/build/drive/build/lib/drive
[1.337s] copying drive/__init__.py -> /home/jestin/SegFaultExp/A3/pathfinder/build/drive/build/lib/drive
[1.337s] copying drive/coordinates.py -> /home/jestin/SegFaultExp/A3/pathfinder/build/drive/build/lib/drive
[1.337s] running install
[1.338s] running install_lib
[1.338s] copying /home/jestin/SegFaultExp/A3/pathfinder/build/drive/build/lib/drive/__init__.py -> /home/jestin/SegFaultExp/A3/pathfinder/install/drive/lib/python3.10/site-packages/drive
[1.339s] copying /home/jestin/SegFaultExp/A3/pathfinder/build/drive/build/lib/drive/coordinates.py -> /home/jestin/SegFaultExp/A3/pathfinder/install/drive/lib/python3.10/site-packages/drive
[1.339s] byte-compiling /home/jestin/SegFaultExp/A3/pathfinder/install/drive/lib/python3.10/site-packages/drive/__init__.py to __init__.cpython-310.pyc
[1.340s] byte-compiling /home/jestin/SegFaultExp/A3/pathfinder/install/drive/lib/python3.10/site-packages/drive/coordinates.py to coordinates.cpython-310.pyc
[1.341s] running install_data
[1.341s] creating /home/jestin/SegFaultExp/A3/pathfinder/install/drive/share/ament_index
[1.341s] creating /home/jestin/SegFaultExp/A3/pathfinder/install/drive/share/ament_index/resource_index
[1.341s] creating /home/jestin/SegFaultExp/A3/pathfinder/install/drive/share/ament_index/resource_index/packages
[1.342s] copying resource/drive -> /home/jestin/SegFaultExp/A3/pathfinder/install/drive/share/ament_index/resource_index/packages
[1.342s] creating /home/jestin/SegFaultExp/A3/pathfinder/install/drive/share/drive/launch
[1.342s] copying launch/drive.launch.py -> /home/jestin/SegFaultExp/A3/pathfinder/install/drive/share/drive/launch
[1.342s] copying package.xml -> /home/jestin/SegFaultExp/A3/pathfinder/install/drive/share/drive
[1.342s] running install_egg_info
[1.344s] Copying ../../build/drive/drive.egg-info to /home/jestin/SegFaultExp/A3/pathfinder/install/drive/lib/python3.10/site-packages/drive-0.0.0-py3.10.egg-info
[1.345s] running install_scripts
[1.368s] writing list of installed files to '/home/jestin/SegFaultExp/A3/pathfinder/build/drive/install.log'
[1.428s] Invoked command in '/home/jestin/SegFaultExp/A3/pathfinder/src/drive' returned '0': PYTHONPATH=/home/jestin/SegFaultExp/A3/pathfinder/build/drive/prefix_override:/usr/lib/python3/dist-packages/colcon_core/task/python/colcon_distutils_commands:/home/jestin/SegFaultExp/A3/pathfinder/install/drive/lib/python3.10/site-packages:${PYTHONPATH} /usr/bin/python3 -W ignore:setup.py install is deprecated -W ignore:easy_install command is deprecated setup.py egg_info --egg-base ../../build/drive build --build-base /home/jestin/SegFaultExp/A3/pathfinder/build/drive/build install --record /home/jestin/SegFaultExp/A3/pathfinder/build/drive/install.log --single-version-externally-managed install_data
