[0.440s] Invoking command in '/home/neel/Documents/MTRX5700/SegFaultExp/A3/pathfinder/src/pedestrian': CONDA_PROMPT_MODIFIER=(base) PYTHONPATH=/home/neel/Documents/MTRX5700/SegFaultExp/A3/pathfinder/build/pedestrian/prefix_override:/usr/lib/python3/dist-packages/colcon_core/task/python/colcon_distutils_commands:/home/neel/Documents/MTRX5700/SegFaultExp/A3/pathfinder/install/pedestrian/lib/python3.10/site-packages:${PYTHONPATH} /usr/bin/python3 -W ignore:setup.py install is deprecated -W ignore:easy_install command is deprecated setup.py egg_info --egg-base ../../build/pedestrian build --build-base /home/neel/Documents/MTRX5700/SegFaultExp/A3/pathfinder/build/pedestrian/build install --record /home/neel/Documents/MTRX5700/SegFaultExp/A3/pathfinder/build/pedestrian/install.log --single-version-externally-managed install_data
[0.605s] running egg_info
[0.606s] writing ../../build/pedestrian/pedestrian.egg-info/PKG-INFO
[0.606s] writing dependency_links to ../../build/pedestrian/pedestrian.egg-info/dependency_links.txt
[0.606s] writing entry points to ../../build/pedestrian/pedestrian.egg-info/entry_points.txt
[0.606s] writing requirements to ../../build/pedestrian/pedestrian.egg-info/requires.txt
[0.606s] writing top-level names to ../../build/pedestrian/pedestrian.egg-info/top_level.txt
[0.607s] reading manifest file '../../build/pedestrian/pedestrian.egg-info/SOURCES.txt'
[0.607s] adding license file 'LICENSE'
[0.608s] writing manifest file '../../build/pedestrian/pedestrian.egg-info/SOURCES.txt'
[0.608s] running build
[0.608s] running build_py
[0.608s] running install
[0.608s] running install_lib
[0.609s] byte-compiling /home/neel/Documents/MTRX5700/SegFaultExp/A3/pathfinder/install/pedestrian/lib/python3.10/site-packages/pedestrian/Pedestrian.py to Pedestrian.cpython-310.pyc
[0.609s] Sorry: IndentationError: unexpected indent (Pedestrian.py, line 53)
[0.609s] running install_data
[0.609s] running install_egg_info
[0.611s] removing '/home/neel/Documents/MTRX5700/SegFaultExp/A3/pathfinder/install/pedestrian/lib/python3.10/site-packages/pedestrian-0.0.0-py3.10.egg-info' (and everything under it)
[0.611s] Copying ../../build/pedestrian/pedestrian.egg-info to /home/neel/Documents/MTRX5700/SegFaultExp/A3/pathfinder/install/pedestrian/lib/python3.10/site-packages/pedestrian-0.0.0-py3.10.egg-info
[0.611s] running install_scripts
[0.624s] Installing Pedestrian script to /home/neel/Documents/MTRX5700/SegFaultExp/A3/pathfinder/install/pedestrian/lib/pedestrian
[0.624s] writing list of installed files to '/home/neel/Documents/MTRX5700/SegFaultExp/A3/pathfinder/build/pedestrian/install.log'
[0.641s] Invoked command in '/home/neel/Documents/MTRX5700/SegFaultExp/A3/pathfinder/src/pedestrian' returned '0': CONDA_PROMPT_MODIFIER=(base) PYTHONPATH=/home/neel/Documents/MTRX5700/SegFaultExp/A3/pathfinder/build/pedestrian/prefix_override:/usr/lib/python3/dist-packages/colcon_core/task/python/colcon_distutils_commands:/home/neel/Documents/MTRX5700/SegFaultExp/A3/pathfinder/install/pedestrian/lib/python3.10/site-packages:${PYTHONPATH} /usr/bin/python3 -W ignore:setup.py install is deprecated -W ignore:easy_install command is deprecated setup.py egg_info --egg-base ../../build/pedestrian build --build-base /home/neel/Documents/MTRX5700/SegFaultExp/A3/pathfinder/build/pedestrian/build install --record /home/neel/Documents/MTRX5700/SegFaultExp/A3/pathfinder/build/pedestrian/install.log --single-version-externally-managed install_data
