[0.471s] Invoking command in '/home/neel/Documents/MTRX5700/SegFaultExp/A3/pathfinder/src/pedestrian': CONDA_PROMPT_MODIFIER=(base) PYTHONPATH=/home/neel/Documents/MTRX5700/SegFaultExp/A3/pathfinder/build/pedestrian/prefix_override:/usr/lib/python3/dist-packages/colcon_core/task/python/colcon_distutils_commands:/home/neel/Documents/MTRX5700/SegFaultExp/A3/pathfinder/install/pedestrian/lib/python3.10/site-packages:${PYTHONPATH} /usr/bin/python3 -W ignore:setup.py install is deprecated -W ignore:easy_install command is deprecated setup.py egg_info --egg-base ../../build/pedestrian build --build-base /home/neel/Documents/MTRX5700/SegFaultExp/A3/pathfinder/build/pedestrian/build install --record /home/neel/Documents/MTRX5700/SegFaultExp/A3/pathfinder/build/pedestrian/install.log --single-version-externally-managed install_data
[0.644s] running egg_info
[0.644s] writing ../../build/pedestrian/pedestrian.egg-info/PKG-INFO
[0.645s] writing dependency_links to ../../build/pedestrian/pedestrian.egg-info/dependency_links.txt
[0.645s] writing entry points to ../../build/pedestrian/pedestrian.egg-info/entry_points.txt
[0.645s] writing requirements to ../../build/pedestrian/pedestrian.egg-info/requires.txt
[0.645s] writing top-level names to ../../build/pedestrian/pedestrian.egg-info/top_level.txt
[0.646s] reading manifest file '../../build/pedestrian/pedestrian.egg-info/SOURCES.txt'
[0.646s] adding license file 'LICENSE'
[0.647s] writing manifest file '../../build/pedestrian/pedestrian.egg-info/SOURCES.txt'
[0.647s] running build
[0.647s] running build_py
[0.647s] running install
[0.647s] running install_lib
[0.648s] running install_data
[0.648s] running install_egg_info
[0.649s] removing '/home/neel/Documents/MTRX5700/SegFaultExp/A3/pathfinder/install/pedestrian/lib/python3.10/site-packages/pedestrian-0.0.0-py3.10.egg-info' (and everything under it)
[0.649s] Copying ../../build/pedestrian/pedestrian.egg-info to /home/neel/Documents/MTRX5700/SegFaultExp/A3/pathfinder/install/pedestrian/lib/python3.10/site-packages/pedestrian-0.0.0-py3.10.egg-info
[0.650s] running install_scripts
[0.663s] Installing Pedestrian script to /home/neel/Documents/MTRX5700/SegFaultExp/A3/pathfinder/install/pedestrian/lib/pedestrian
[0.663s] writing list of installed files to '/home/neel/Documents/MTRX5700/SegFaultExp/A3/pathfinder/build/pedestrian/install.log'
[0.679s] Invoked command in '/home/neel/Documents/MTRX5700/SegFaultExp/A3/pathfinder/src/pedestrian' returned '0': CONDA_PROMPT_MODIFIER=(base) PYTHONPATH=/home/neel/Documents/MTRX5700/SegFaultExp/A3/pathfinder/build/pedestrian/prefix_override:/usr/lib/python3/dist-packages/colcon_core/task/python/colcon_distutils_commands:/home/neel/Documents/MTRX5700/SegFaultExp/A3/pathfinder/install/pedestrian/lib/python3.10/site-packages:${PYTHONPATH} /usr/bin/python3 -W ignore:setup.py install is deprecated -W ignore:easy_install command is deprecated setup.py egg_info --egg-base ../../build/pedestrian build --build-base /home/neel/Documents/MTRX5700/SegFaultExp/A3/pathfinder/build/pedestrian/build install --record /home/neel/Documents/MTRX5700/SegFaultExp/A3/pathfinder/build/pedestrian/install.log --single-version-externally-managed install_data
