[1.051s] Invoking command in '/home/jestin/SegFaultExp/A3/pathfinder/src/pedestrian': PYTHONPATH=/home/jestin/SegFaultExp/A3/pathfinder/build/pedestrian/prefix_override:/usr/lib/python3/dist-packages/colcon_core/task/python/colcon_distutils_commands:/home/jestin/SegFaultExp/A3/pathfinder/install/pedestrian/lib/python3.10/site-packages:${PYTHONPATH} /usr/bin/python3 -W ignore:setup.py install is deprecated -W ignore:easy_install command is deprecated setup.py egg_info --egg-base ../../build/pedestrian build --build-base /home/jestin/SegFaultExp/A3/pathfinder/build/pedestrian/build install --record /home/jestin/SegFaultExp/A3/pathfinder/build/pedestrian/install.log --single-version-externally-managed install_data
[1.312s] running egg_info
[1.313s] writing ../../build/pedestrian/pedestrian.egg-info/PKG-INFO
[1.318s] writing dependency_links to ../../build/pedestrian/pedestrian.egg-info/dependency_links.txt
[1.318s] writing entry points to ../../build/pedestrian/pedestrian.egg-info/entry_points.txt
[1.318s] writing requirements to ../../build/pedestrian/pedestrian.egg-info/requires.txt
[1.318s] writing top-level names to ../../build/pedestrian/pedestrian.egg-info/top_level.txt
[1.320s] reading manifest file '../../build/pedestrian/pedestrian.egg-info/SOURCES.txt'
[1.320s] adding license file 'LICENSE'
[1.321s] writing manifest file '../../build/pedestrian/pedestrian.egg-info/SOURCES.txt'
[1.321s] running build
[1.321s] running build_py
[1.322s] creating /home/jestin/SegFaultExp/A3/pathfinder/build/pedestrian/build
[1.322s] creating /home/jestin/SegFaultExp/A3/pathfinder/build/pedestrian/build/lib
[1.322s] creating /home/jestin/SegFaultExp/A3/pathfinder/build/pedestrian/build/lib/pedestrian
[1.322s] copying pedestrian/__init__.py -> /home/jestin/SegFaultExp/A3/pathfinder/build/pedestrian/build/lib/pedestrian
[1.322s] copying pedestrian/Pedestrian.py -> /home/jestin/SegFaultExp/A3/pathfinder/build/pedestrian/build/lib/pedestrian
[1.322s] copying pedestrian/network.py -> /home/jestin/SegFaultExp/A3/pathfinder/build/pedestrian/build/lib/pedestrian
[1.323s] running install
[1.323s] running install_lib
[1.324s] copying /home/jestin/SegFaultExp/A3/pathfinder/build/pedestrian/build/lib/pedestrian/__init__.py -> /home/jestin/SegFaultExp/A3/pathfinder/install/pedestrian/lib/python3.10/site-packages/pedestrian
[1.325s] copying /home/jestin/SegFaultExp/A3/pathfinder/build/pedestrian/build/lib/pedestrian/Pedestrian.py -> /home/jestin/SegFaultExp/A3/pathfinder/install/pedestrian/lib/python3.10/site-packages/pedestrian
[1.325s] copying /home/jestin/SegFaultExp/A3/pathfinder/build/pedestrian/build/lib/pedestrian/network.py -> /home/jestin/SegFaultExp/A3/pathfinder/install/pedestrian/lib/python3.10/site-packages/pedestrian
[1.326s] byte-compiling /home/jestin/SegFaultExp/A3/pathfinder/install/pedestrian/lib/python3.10/site-packages/pedestrian/Pedestrian.py to Pedestrian.cpython-310.pyc
[1.328s] running install_data
[1.328s] creating /home/jestin/SegFaultExp/A3/pathfinder/install/pedestrian/share/ament_index
[1.329s] creating /home/jestin/SegFaultExp/A3/pathfinder/install/pedestrian/share/ament_index/resource_index
[1.329s] creating /home/jestin/SegFaultExp/A3/pathfinder/install/pedestrian/share/ament_index/resource_index/packages
[1.329s] copying resource/pedestrian -> /home/jestin/SegFaultExp/A3/pathfinder/install/pedestrian/share/ament_index/resource_index/packages
[1.329s] copying package.xml -> /home/jestin/SegFaultExp/A3/pathfinder/install/pedestrian/share/pedestrian
[1.329s] copying launch/pedestrian.launch.py -> /home/jestin/SegFaultExp/A3/pathfinder/install/pedestrian/share/pedestrian/launch
[1.329s] running install_egg_info
[1.332s] removing '/home/jestin/SegFaultExp/A3/pathfinder/install/pedestrian/lib/python3.10/site-packages/pedestrian-0.0.0-py3.10.egg-info' (and everything under it)
[1.333s] Copying ../../build/pedestrian/pedestrian.egg-info to /home/jestin/SegFaultExp/A3/pathfinder/install/pedestrian/lib/python3.10/site-packages/pedestrian-0.0.0-py3.10.egg-info
[1.333s] running install_scripts
[1.356s] Installing Pedestrian script to /home/jestin/SegFaultExp/A3/pathfinder/install/pedestrian/lib/pedestrian
[1.356s] writing list of installed files to '/home/jestin/SegFaultExp/A3/pathfinder/build/pedestrian/install.log'
[1.388s] Invoked command in '/home/jestin/SegFaultExp/A3/pathfinder/src/pedestrian' returned '0': PYTHONPATH=/home/jestin/SegFaultExp/A3/pathfinder/build/pedestrian/prefix_override:/usr/lib/python3/dist-packages/colcon_core/task/python/colcon_distutils_commands:/home/jestin/SegFaultExp/A3/pathfinder/install/pedestrian/lib/python3.10/site-packages:${PYTHONPATH} /usr/bin/python3 -W ignore:setup.py install is deprecated -W ignore:easy_install command is deprecated setup.py egg_info --egg-base ../../build/pedestrian build --build-base /home/jestin/SegFaultExp/A3/pathfinder/build/pedestrian/build install --record /home/jestin/SegFaultExp/A3/pathfinder/build/pedestrian/install.log --single-version-externally-managed install_data
