[0.794s] Invoking command in '/home/jestin/SegFaultExp/A3/pathfinder/src/pedestrian': PYTHONPATH=/home/jestin/SegFaultExp/A3/pathfinder/build/pedestrian/prefix_override:/usr/lib/python3/dist-packages/colcon_core/task/python/colcon_distutils_commands:/home/jestin/SegFaultExp/A3/pathfinder/install/pedestrian/lib/python3.10/site-packages:${PYTHONPATH} /usr/bin/python3 -W ignore:setup.py install is deprecated -W ignore:easy_install command is deprecated setup.py egg_info --egg-base ../../build/pedestrian build --build-base /home/jestin/SegFaultExp/A3/pathfinder/build/pedestrian/build install --record /home/jestin/SegFaultExp/A3/pathfinder/build/pedestrian/install.log --single-version-externally-managed install_data
[1.027s] running egg_info
[1.028s] writing ../../build/pedestrian/pedestrian.egg-info/PKG-INFO
[1.028s] writing dependency_links to ../../build/pedestrian/pedestrian.egg-info/dependency_links.txt
[1.028s] writing entry points to ../../build/pedestrian/pedestrian.egg-info/entry_points.txt
[1.028s] writing requirements to ../../build/pedestrian/pedestrian.egg-info/requires.txt
[1.029s] writing top-level names to ../../build/pedestrian/pedestrian.egg-info/top_level.txt
[1.031s] reading manifest file '../../build/pedestrian/pedestrian.egg-info/SOURCES.txt'
[1.031s] adding license file 'LICENSE'
[1.032s] writing manifest file '../../build/pedestrian/pedestrian.egg-info/SOURCES.txt'
[1.032s] running build
[1.032s] running build_py
[1.032s] copying pedestrian/ImageFlipper.py -> /home/jestin/SegFaultExp/A3/pathfinder/build/pedestrian/build/lib/pedestrian
[1.033s] running install
[1.033s] running install_lib
[1.034s] copying /home/jestin/SegFaultExp/A3/pathfinder/build/pedestrian/build/lib/pedestrian/ImageFlipper.py -> /home/jestin/SegFaultExp/A3/pathfinder/install/pedestrian/lib/python3.10/site-packages/pedestrian
[1.035s] byte-compiling /home/jestin/SegFaultExp/A3/pathfinder/install/pedestrian/lib/python3.10/site-packages/pedestrian/ImageFlipper.py to ImageFlipper.cpython-310.pyc
[1.036s] running install_data
[1.036s] running install_egg_info
[1.039s] removing '/home/jestin/SegFaultExp/A3/pathfinder/install/pedestrian/lib/python3.10/site-packages/pedestrian-0.0.0-py3.10.egg-info' (and everything under it)
[1.039s] Copying ../../build/pedestrian/pedestrian.egg-info to /home/jestin/SegFaultExp/A3/pathfinder/install/pedestrian/lib/python3.10/site-packages/pedestrian-0.0.0-py3.10.egg-info
[1.040s] running install_scripts
[1.059s] Installing ImageFlipper script to /home/jestin/SegFaultExp/A3/pathfinder/install/pedestrian/lib/pedestrian
[1.059s] Installing Pedestrian script to /home/jestin/SegFaultExp/A3/pathfinder/install/pedestrian/lib/pedestrian
[1.060s] writing list of installed files to '/home/jestin/SegFaultExp/A3/pathfinder/build/pedestrian/install.log'
[1.082s] Invoked command in '/home/jestin/SegFaultExp/A3/pathfinder/src/pedestrian' returned '0': PYTHONPATH=/home/jestin/SegFaultExp/A3/pathfinder/build/pedestrian/prefix_override:/usr/lib/python3/dist-packages/colcon_core/task/python/colcon_distutils_commands:/home/jestin/SegFaultExp/A3/pathfinder/install/pedestrian/lib/python3.10/site-packages:${PYTHONPATH} /usr/bin/python3 -W ignore:setup.py install is deprecated -W ignore:easy_install command is deprecated setup.py egg_info --egg-base ../../build/pedestrian build --build-base /home/jestin/SegFaultExp/A3/pathfinder/build/pedestrian/build install --record /home/jestin/SegFaultExp/A3/pathfinder/build/pedestrian/install.log --single-version-externally-managed install_data
