[0.556s] Invoking command in '/home/jestin/SegFaultExp/A3/pathfinder/src/drive': PYTHONPATH=/home/jestin/SegFaultExp/A3/pathfinder/build/drive/prefix_override:/usr/lib/python3/dist-packages/colcon_core/task/python/colcon_distutils_commands:/home/jestin/SegFaultExp/A3/pathfinder/install/drive/lib/python3.10/site-packages:${PYTHONPATH} /usr/bin/python3 -W ignore:setup.py install is deprecated -W ignore:easy_install command is deprecated setup.py egg_info --egg-base ../../build/drive build --build-base /home/jestin/SegFaultExp/A3/pathfinder/build/drive/build install --record /home/jestin/SegFaultExp/A3/pathfinder/build/drive/install.log --single-version-externally-managed install_data
[0.784s] running egg_info
[0.785s] writing ../../build/drive/drive.egg-info/PKG-INFO
[0.785s] writing dependency_links to ../../build/drive/drive.egg-info/dependency_links.txt
[0.785s] writing entry points to ../../build/drive/drive.egg-info/entry_points.txt
[0.785s] writing requirements to ../../build/drive/drive.egg-info/requires.txt
[0.785s] writing top-level names to ../../build/drive/drive.egg-info/top_level.txt
[0.787s] reading manifest file '../../build/drive/drive.egg-info/SOURCES.txt'
[0.787s] adding license file 'LICENSE'
[0.788s] writing manifest file '../../build/drive/drive.egg-info/SOURCES.txt'
[0.788s] running build
[0.788s] running build_py
[0.788s] running install
[0.788s] running install_lib
[0.790s] running install_data
[0.790s] running install_egg_info
[0.791s] removing '/home/jestin/SegFaultExp/A3/pathfinder/install/drive/lib/python3.10/site-packages/drive-0.0.0-py3.10.egg-info' (and everything under it)
[0.791s] Copying ../../build/drive/drive.egg-info to /home/jestin/SegFaultExp/A3/pathfinder/install/drive/lib/python3.10/site-packages/drive-0.0.0-py3.10.egg-info
[0.792s] running install_scripts
[0.807s] Installing coordinates script to /home/jestin/SegFaultExp/A3/pathfinder/install/drive/lib/drive
[0.807s] Installing driver script to /home/jestin/SegFaultExp/A3/pathfinder/install/drive/lib/drive
[0.807s] writing list of installed files to '/home/jestin/SegFaultExp/A3/pathfinder/build/drive/install.log'
[0.831s] Invoked command in '/home/jestin/SegFaultExp/A3/pathfinder/src/drive' returned '0': PYTHONPATH=/home/jestin/SegFaultExp/A3/pathfinder/build/drive/prefix_override:/usr/lib/python3/dist-packages/colcon_core/task/python/colcon_distutils_commands:/home/jestin/SegFaultExp/A3/pathfinder/install/drive/lib/python3.10/site-packages:${PYTHONPATH} /usr/bin/python3 -W ignore:setup.py install is deprecated -W ignore:easy_install command is deprecated setup.py egg_info --egg-base ../../build/drive build --build-base /home/jestin/SegFaultExp/A3/pathfinder/build/drive/build install --record /home/jestin/SegFaultExp/A3/pathfinder/build/drive/install.log --single-version-externally-managed install_data
