[0.080s] DEBUG:colcon:Command line arguments: ['/usr/bin/colcon', 'build']
[0.081s] DEBUG:colcon:Parsed command line arguments: Namespace(log_base=None, log_level=None, verb_name='build', build_base='build', install_base='install', merge_install=False, symlink_install=False, test_result_base=None, continue_on_error=False, executor='parallel', parallel_workers=8, event_handlers=None, ignore_user_meta=False, metas=['./colcon.meta'], base_paths=['.'], packages_ignore=None, packages_ignore_regex=None, paths=None, packages_up_to=None, packages_up_to_regex=None, packages_above=None, packages_above_and_dependencies=None, packages_above_depth=None, packages_select_by_dep=None, packages_skip_by_dep=None, packages_skip_up_to=None, packages_select_build_failed=False, packages_skip_build_finished=False, packages_select_test_failures=False, packages_skip_test_passed=False, packages_select=None, packages_skip=None, packages_select_regex=None, packages_skip_regex=None, packages_start=None, packages_end=None, allow_overriding=[], cmake_args=None, cmake_target=None, cmake_target_skip_unavailable=False, cmake_clean_cache=False, cmake_clean_first=False, cmake_force_configure=False, ament_cmake_args=None, catkin_cmake_args=None, catkin_skip_building_tests=False, mixin_files=None, mixin=None, verb_parser=<colcon_mixin.mixin.mixin_argument.MixinArgumentDecorator object at 0x765caa7b1b10>, verb_extension=<colcon_core.verb.build.BuildVerb object at 0x765caa72f1c0>, main=<bound method BuildVerb.main of <colcon_core.verb.build.BuildVerb object at 0x765caa72f1c0>>, mixin_verb=('build',))
[0.231s] Level 1:colcon.colcon_core.package_discovery:discover_packages(colcon_meta) check parameters
[0.231s] Level 1:colcon.colcon_core.package_discovery:discover_packages(recursive) check parameters
[0.231s] Level 1:colcon.colcon_core.package_discovery:discover_packages(ignore) check parameters
[0.231s] Level 1:colcon.colcon_core.package_discovery:discover_packages(path) check parameters
[0.231s] Level 1:colcon.colcon_core.package_discovery:discover_packages(colcon_meta) discover
[0.232s] Level 1:colcon.colcon_core.package_discovery:discover_packages(recursive) discover
[0.232s] INFO:colcon.colcon_core.package_discovery:Crawling recursively for packages in '/home/jestin/SegFaultExp/A3/pathfinder'
[0.232s] Level 1:colcon.colcon_core.package_identification:_identify(.) by extensions ['ignore', 'ignore_ament_install']
[0.232s] Level 1:colcon.colcon_core.package_identification:_identify(.) by extension 'ignore'
[0.232s] Level 1:colcon.colcon_core.package_identification:_identify(.) by extension 'ignore_ament_install'
[0.232s] Level 1:colcon.colcon_core.package_identification:_identify(.) by extensions ['colcon_pkg']
[0.232s] Level 1:colcon.colcon_core.package_identification:_identify(.) by extension 'colcon_pkg'
[0.232s] Level 1:colcon.colcon_core.package_identification:_identify(.) by extensions ['colcon_meta']
[0.232s] Level 1:colcon.colcon_core.package_identification:_identify(.) by extension 'colcon_meta'
[0.232s] Level 1:colcon.colcon_core.package_identification:_identify(.) by extensions ['ros']
[0.232s] Level 1:colcon.colcon_core.package_identification:_identify(.) by extension 'ros'
[0.240s] Level 1:colcon.colcon_core.package_identification:_identify(.) by extensions ['cmake', 'python']
[0.240s] Level 1:colcon.colcon_core.package_identification:_identify(.) by extension 'cmake'
[0.240s] Level 1:colcon.colcon_core.package_identification:_identify(.) by extension 'python'
[0.240s] Level 1:colcon.colcon_core.package_identification:_identify(.) by extensions ['python_setup_py']
[0.240s] Level 1:colcon.colcon_core.package_identification:_identify(.) by extension 'python_setup_py'
[0.240s] Level 1:colcon.colcon_core.package_identification:_identify(build) by extensions ['ignore', 'ignore_ament_install']
[0.240s] Level 1:colcon.colcon_core.package_identification:_identify(build) by extension 'ignore'
[0.240s] Level 1:colcon.colcon_core.package_identification:_identify(build) ignored
[0.240s] Level 1:colcon.colcon_core.package_identification:_identify(install) by extensions ['ignore', 'ignore_ament_install']
[0.240s] Level 1:colcon.colcon_core.package_identification:_identify(install) by extension 'ignore'
[0.240s] Level 1:colcon.colcon_core.package_identification:_identify(install) ignored
[0.240s] Level 1:colcon.colcon_core.package_identification:_identify(log) by extensions ['ignore', 'ignore_ament_install']
[0.240s] Level 1:colcon.colcon_core.package_identification:_identify(log) by extension 'ignore'
[0.240s] Level 1:colcon.colcon_core.package_identification:_identify(log) ignored
[0.241s] Level 1:colcon.colcon_core.package_identification:_identify(src) by extensions ['ignore', 'ignore_ament_install']
[0.241s] Level 1:colcon.colcon_core.package_identification:_identify(src) by extension 'ignore'
[0.241s] Level 1:colcon.colcon_core.package_identification:_identify(src) by extension 'ignore_ament_install'
[0.241s] Level 1:colcon.colcon_core.package_identification:_identify(src) by extensions ['colcon_pkg']
[0.241s] Level 1:colcon.colcon_core.package_identification:_identify(src) by extension 'colcon_pkg'
[0.241s] Level 1:colcon.colcon_core.package_identification:_identify(src) by extensions ['colcon_meta']
[0.241s] Level 1:colcon.colcon_core.package_identification:_identify(src) by extension 'colcon_meta'
[0.241s] Level 1:colcon.colcon_core.package_identification:_identify(src) by extensions ['ros']
[0.241s] Level 1:colcon.colcon_core.package_identification:_identify(src) by extension 'ros'
[0.241s] Level 1:colcon.colcon_core.package_identification:_identify(src) by extensions ['cmake', 'python']
[0.241s] Level 1:colcon.colcon_core.package_identification:_identify(src) by extension 'cmake'
[0.241s] Level 1:colcon.colcon_core.package_identification:_identify(src) by extension 'python'
[0.241s] Level 1:colcon.colcon_core.package_identification:_identify(src) by extensions ['python_setup_py']
[0.241s] Level 1:colcon.colcon_core.package_identification:_identify(src) by extension 'python_setup_py'
[0.241s] Level 1:colcon.colcon_core.package_identification:_identify(src/pedestrian) by extensions ['ignore', 'ignore_ament_install']
[0.241s] Level 1:colcon.colcon_core.package_identification:_identify(src/pedestrian) by extension 'ignore'
[0.241s] Level 1:colcon.colcon_core.package_identification:_identify(src/pedestrian) by extension 'ignore_ament_install'
[0.241s] Level 1:colcon.colcon_core.package_identification:_identify(src/pedestrian) by extensions ['colcon_pkg']
[0.241s] Level 1:colcon.colcon_core.package_identification:_identify(src/pedestrian) by extension 'colcon_pkg'
[0.241s] Level 1:colcon.colcon_core.package_identification:_identify(src/pedestrian) by extensions ['colcon_meta']
[0.241s] Level 1:colcon.colcon_core.package_identification:_identify(src/pedestrian) by extension 'colcon_meta'
[0.241s] Level 1:colcon.colcon_core.package_identification:_identify(src/pedestrian) by extensions ['ros']
[0.241s] Level 1:colcon.colcon_core.package_identification:_identify(src/pedestrian) by extension 'ros'
[0.243s] DEBUG:colcon.colcon_core.package_identification:Package 'src/pedestrian' with type 'ros.ament_python' and name 'pedestrian'
[0.243s] Level 1:colcon.colcon_core.package_discovery:discover_packages(recursive) using defaults
[0.243s] Level 1:colcon.colcon_core.package_discovery:discover_packages(ignore) discover
[0.243s] Level 1:colcon.colcon_core.package_discovery:discover_packages(ignore) using defaults
[0.243s] Level 1:colcon.colcon_core.package_discovery:discover_packages(path) discover
[0.243s] Level 1:colcon.colcon_core.package_discovery:discover_packages(path) using defaults
[0.257s] Level 1:colcon.colcon_core.package_discovery:discover_packages(prefix_path) check parameters
[0.257s] Level 1:colcon.colcon_core.package_discovery:discover_packages(prefix_path) discover
[0.258s] DEBUG:colcon.colcon_installed_package_information.package_discovery:Found 1 installed packages in /home/jestin/SegFaultExp/A3/pathfinder/install
[0.259s] DEBUG:colcon.colcon_installed_package_information.package_discovery:Found 469 installed packages in /opt/ros/humble
[0.261s] Level 1:colcon.colcon_core.package_discovery:discover_packages(prefix_path) using defaults
[0.297s] Level 5:colcon.colcon_core.verb:set package 'pedestrian' build argument 'cmake_args' from command line to 'None'
[0.297s] Level 5:colcon.colcon_core.verb:set package 'pedestrian' build argument 'cmake_target' from command line to 'None'
[0.297s] Level 5:colcon.colcon_core.verb:set package 'pedestrian' build argument 'cmake_target_skip_unavailable' from command line to 'False'
[0.297s] Level 5:colcon.colcon_core.verb:set package 'pedestrian' build argument 'cmake_clean_cache' from command line to 'False'
[0.297s] Level 5:colcon.colcon_core.verb:set package 'pedestrian' build argument 'cmake_clean_first' from command line to 'False'
[0.297s] Level 5:colcon.colcon_core.verb:set package 'pedestrian' build argument 'cmake_force_configure' from command line to 'False'
[0.297s] Level 5:colcon.colcon_core.verb:set package 'pedestrian' build argument 'ament_cmake_args' from command line to 'None'
[0.297s] Level 5:colcon.colcon_core.verb:set package 'pedestrian' build argument 'catkin_cmake_args' from command line to 'None'
[0.297s] Level 5:colcon.colcon_core.verb:set package 'pedestrian' build argument 'catkin_skip_building_tests' from command line to 'False'
[0.297s] DEBUG:colcon.colcon_core.verb:Building package 'pedestrian' with the following arguments: {'ament_cmake_args': None, 'build_base': '/home/jestin/SegFaultExp/A3/pathfinder/build/pedestrian', 'catkin_cmake_args': None, 'catkin_skip_building_tests': False, 'cmake_args': None, 'cmake_clean_cache': False, 'cmake_clean_first': False, 'cmake_force_configure': False, 'cmake_target': None, 'cmake_target_skip_unavailable': False, 'install_base': '/home/jestin/SegFaultExp/A3/pathfinder/install/pedestrian', 'merge_install': False, 'path': '/home/jestin/SegFaultExp/A3/pathfinder/src/pedestrian', 'symlink_install': False, 'test_result_base': None}
[0.297s] INFO:colcon.colcon_core.executor:Executing jobs using 'parallel' executor
[0.298s] DEBUG:colcon.colcon_parallel_executor.executor.parallel:run_until_complete
[0.298s] INFO:colcon.colcon_ros.task.ament_python.build:Building ROS package in '/home/jestin/SegFaultExp/A3/pathfinder/src/pedestrian' with build type 'ament_python'
[0.299s] Level 1:colcon.colcon_core.shell:create_environment_hook('pedestrian', 'ament_prefix_path')
[0.300s] INFO:colcon.colcon_core.plugin_system:Skipping extension 'colcon_core.shell.bat': Not used on non-Windows systems
[0.300s] INFO:colcon.colcon_core.shell:Creating environment hook '/home/jestin/SegFaultExp/A3/pathfinder/install/pedestrian/share/pedestrian/hook/ament_prefix_path.ps1'
[0.300s] INFO:colcon.colcon_core.shell:Creating environment descriptor '/home/jestin/SegFaultExp/A3/pathfinder/install/pedestrian/share/pedestrian/hook/ament_prefix_path.dsv'
[0.301s] INFO:colcon.colcon_core.shell:Creating environment hook '/home/jestin/SegFaultExp/A3/pathfinder/install/pedestrian/share/pedestrian/hook/ament_prefix_path.sh'
[0.301s] INFO:colcon.colcon_core.shell:Skip shell extension 'powershell' for command environment: Not usable outside of PowerShell
[0.301s] DEBUG:colcon.colcon_core.shell:Skip shell extension 'dsv' for command environment
[0.528s] INFO:colcon.colcon_core.task.python.build:Building Python package in '/home/jestin/SegFaultExp/A3/pathfinder/src/pedestrian'
[0.528s] INFO:colcon.colcon_core.shell:Skip shell extension 'powershell' for command environment: Not usable outside of PowerShell
[0.528s] DEBUG:colcon.colcon_core.shell:Skip shell extension 'dsv' for command environment
[0.837s] DEBUG:colcon.colcon_core.event_handler.log_command:Invoking command in '/home/jestin/SegFaultExp/A3/pathfinder/src/pedestrian': PYTHONPATH=/home/jestin/SegFaultExp/A3/pathfinder/build/pedestrian/prefix_override:/usr/lib/python3/dist-packages/colcon_core/task/python/colcon_distutils_commands:/home/jestin/SegFaultExp/A3/pathfinder/install/pedestrian/lib/python3.10/site-packages:${PYTHONPATH} /usr/bin/python3 -W ignore:setup.py install is deprecated -W ignore:easy_install command is deprecated setup.py egg_info --egg-base ../../build/pedestrian build --build-base /home/jestin/SegFaultExp/A3/pathfinder/build/pedestrian/build install --record /home/jestin/SegFaultExp/A3/pathfinder/build/pedestrian/install.log --single-version-externally-managed install_data
[1.076s] DEBUG:colcon.colcon_core.event_handler.log_command:Invoked command in '/home/jestin/SegFaultExp/A3/pathfinder/src/pedestrian' returned '0': PYTHONPATH=/home/jestin/SegFaultExp/A3/pathfinder/build/pedestrian/prefix_override:/usr/lib/python3/dist-packages/colcon_core/task/python/colcon_distutils_commands:/home/jestin/SegFaultExp/A3/pathfinder/install/pedestrian/lib/python3.10/site-packages:${PYTHONPATH} /usr/bin/python3 -W ignore:setup.py install is deprecated -W ignore:easy_install command is deprecated setup.py egg_info --egg-base ../../build/pedestrian build --build-base /home/jestin/SegFaultExp/A3/pathfinder/build/pedestrian/build install --record /home/jestin/SegFaultExp/A3/pathfinder/build/pedestrian/install.log --single-version-externally-managed install_data
[1.077s] Level 1:colcon.colcon_core.environment:checking '/home/jestin/SegFaultExp/A3/pathfinder/install/pedestrian' for CMake module files
[1.077s] Level 1:colcon.colcon_core.environment:checking '/home/jestin/SegFaultExp/A3/pathfinder/install/pedestrian' for CMake config files
[1.078s] Level 1:colcon.colcon_core.environment:checking '/home/jestin/SegFaultExp/A3/pathfinder/install/pedestrian/lib'
[1.078s] Level 1:colcon.colcon_core.environment:checking '/home/jestin/SegFaultExp/A3/pathfinder/install/pedestrian/bin'
[1.078s] Level 1:colcon.colcon_core.environment:checking '/home/jestin/SegFaultExp/A3/pathfinder/install/pedestrian/lib/pkgconfig/pedestrian.pc'
[1.078s] Level 1:colcon.colcon_core.environment:checking '/home/jestin/SegFaultExp/A3/pathfinder/install/pedestrian/lib/python3.10/site-packages'
[1.078s] Level 1:colcon.colcon_core.shell:create_environment_hook('pedestrian', 'pythonpath')
[1.078s] INFO:colcon.colcon_core.shell:Creating environment hook '/home/jestin/SegFaultExp/A3/pathfinder/install/pedestrian/share/pedestrian/hook/pythonpath.ps1'
[1.079s] INFO:colcon.colcon_core.shell:Creating environment descriptor '/home/jestin/SegFaultExp/A3/pathfinder/install/pedestrian/share/pedestrian/hook/pythonpath.dsv'
[1.079s] INFO:colcon.colcon_core.shell:Creating environment hook '/home/jestin/SegFaultExp/A3/pathfinder/install/pedestrian/share/pedestrian/hook/pythonpath.sh'
[1.079s] Level 1:colcon.colcon_core.environment:checking '/home/jestin/SegFaultExp/A3/pathfinder/install/pedestrian/bin'
[1.079s] Level 1:colcon.colcon_core.environment:create_environment_scripts_only(pedestrian)
[1.080s] INFO:colcon.colcon_core.shell:Creating package script '/home/jestin/SegFaultExp/A3/pathfinder/install/pedestrian/share/pedestrian/package.ps1'
[1.080s] INFO:colcon.colcon_core.shell:Creating package descriptor '/home/jestin/SegFaultExp/A3/pathfinder/install/pedestrian/share/pedestrian/package.dsv'
[1.081s] INFO:colcon.colcon_core.shell:Creating package script '/home/jestin/SegFaultExp/A3/pathfinder/install/pedestrian/share/pedestrian/package.sh'
[1.081s] INFO:colcon.colcon_core.shell:Creating package script '/home/jestin/SegFaultExp/A3/pathfinder/install/pedestrian/share/pedestrian/package.bash'
[1.082s] INFO:colcon.colcon_core.shell:Creating package script '/home/jestin/SegFaultExp/A3/pathfinder/install/pedestrian/share/pedestrian/package.zsh'
[1.082s] Level 1:colcon.colcon_core.environment:create_file_with_runtime_dependencies(/home/jestin/SegFaultExp/A3/pathfinder/install/pedestrian/share/colcon-core/packages/pedestrian)
[1.082s] DEBUG:colcon.colcon_parallel_executor.executor.parallel:closing loop
[1.083s] DEBUG:colcon.colcon_parallel_executor.executor.parallel:loop closed
[1.083s] DEBUG:colcon.colcon_parallel_executor.executor.parallel:run_until_complete finished with '0'
[1.083s] DEBUG:colcon.colcon_core.event_reactor:joining thread
[1.086s] INFO:colcon.colcon_core.plugin_system:Skipping extension 'colcon_notification.desktop_notification.terminal_notifier': Not used on non-Darwin systems
[1.086s] INFO:colcon.colcon_core.plugin_system:Skipping extension 'colcon_notification.desktop_notification.win32': Not used on non-Windows systems
[1.086s] INFO:colcon.colcon_notification.desktop_notification:Sending desktop notification using 'notify2'
[1.094s] DEBUG:colcon.colcon_core.event_reactor:joined thread
[1.095s] INFO:colcon.colcon_core.shell:Creating prefix script '/home/jestin/SegFaultExp/A3/pathfinder/install/local_setup.ps1'
[1.096s] INFO:colcon.colcon_core.shell:Creating prefix util module '/home/jestin/SegFaultExp/A3/pathfinder/install/_local_setup_util_ps1.py'
[1.098s] INFO:colcon.colcon_core.shell:Creating prefix chain script '/home/jestin/SegFaultExp/A3/pathfinder/install/setup.ps1'
[1.099s] INFO:colcon.colcon_core.shell:Creating prefix script '/home/jestin/SegFaultExp/A3/pathfinder/install/local_setup.sh'
[1.100s] INFO:colcon.colcon_core.shell:Creating prefix util module '/home/jestin/SegFaultExp/A3/pathfinder/install/_local_setup_util_sh.py'
[1.100s] INFO:colcon.colcon_core.shell:Creating prefix chain script '/home/jestin/SegFaultExp/A3/pathfinder/install/setup.sh'
[1.101s] INFO:colcon.colcon_core.shell:Creating prefix script '/home/jestin/SegFaultExp/A3/pathfinder/install/local_setup.bash'
[1.101s] INFO:colcon.colcon_core.shell:Creating prefix chain script '/home/jestin/SegFaultExp/A3/pathfinder/install/setup.bash'
[1.102s] INFO:colcon.colcon_core.shell:Creating prefix script '/home/jestin/SegFaultExp/A3/pathfinder/install/local_setup.zsh'
[1.102s] INFO:colcon.colcon_core.shell:Creating prefix chain script '/home/jestin/SegFaultExp/A3/pathfinder/install/setup.zsh'
