/home/jestin/SegFaultExp/A3/pathfinder/install/drive/lib/python3.10/site-packages/drive/__init__.py
/home/jestin/SegFaultExp/A3/pathfinder/install/drive/lib/python3.10/site-packages/drive/driver.py
/home/jestin/SegFaultExp/A3/pathfinder/install/drive/lib/python3.10/site-packages/drive/coordinates.py
/home/jestin/SegFaultExp/A3/pathfinder/install/drive/lib/python3.10/site-packages/drive/driver2.py
/home/jestin/SegFaultExp/A3/pathfinder/install/drive/lib/python3.10/site-packages/drive/__pycache__/__init__.cpython-310.pyc
/home/jestin/SegFaultExp/A3/pathfinder/install/drive/lib/python3.10/site-packages/drive/__pycache__/driver.cpython-310.pyc
/home/jestin/SegFaultExp/A3/pathfinder/install/drive/lib/python3.10/site-packages/drive/__pycache__/coordinates.cpython-310.pyc
/home/jestin/SegFaultExp/A3/pathfinder/install/drive/lib/python3.10/site-packages/drive/__pycache__/driver2.cpython-310.pyc
/home/jestin/SegFaultExp/A3/pathfinder/install/drive/share/ament_index/resource_index/packages/drive
/home/jestin/SegFaultExp/A3/pathfinder/install/drive/share/drive/package.xml
/home/jestin/SegFaultExp/A3/pathfinder/install/drive/share/drive/launch/all.launch.py
/home/jestin/SegFaultExp/A3/pathfinder/install/drive/share/drive/launch/drive.launch.py
/home/jestin/SegFaultExp/A3/pathfinder/install/drive/lib/python3.10/site-packages/drive-0.0.0-py3.10.egg-info/SOURCES.txt
/home/jestin/SegFaultExp/A3/pathfinder/install/drive/lib/python3.10/site-packages/drive-0.0.0-py3.10.egg-info/PKG-INFO
/home/jestin/SegFaultExp/A3/pathfinder/install/drive/lib/python3.10/site-packages/drive-0.0.0-py3.10.egg-info/entry_points.txt
/home/jestin/SegFaultExp/A3/pathfinder/install/drive/lib/python3.10/site-packages/drive-0.0.0-py3.10.egg-info/requires.txt
/home/jestin/SegFaultExp/A3/pathfinder/install/drive/lib/python3.10/site-packages/drive-0.0.0-py3.10.egg-info/top_level.txt
/home/jestin/SegFaultExp/A3/pathfinder/install/drive/lib/python3.10/site-packages/drive-0.0.0-py3.10.egg-info/dependency_links.txt
/home/jestin/SegFaultExp/A3/pathfinder/install/drive/lib/python3.10/site-packages/drive-0.0.0-py3.10.egg-info/zip-safe
/home/jestin/SegFaultExp/A3/pathfinder/install/drive/lib/drive/coordinates
/home/jestin/SegFaultExp/A3/pathfinder/install/drive/lib/drive/driver
