[0.078s] DEBUG:colcon:Command line arguments: ['/usr/bin/colcon', 'build']
[0.078s] DEBUG:colcon:Parsed command line arguments: Namespace(log_base=None, log_level=None, verb_name='build', build_base='build', install_base='install', merge_install=False, symlink_install=False, test_result_base=None, continue_on_error=False, executor='parallel', parallel_workers=8, event_handlers=None, ignore_user_meta=False, metas=['./colcon.meta'], base_paths=['.'], packages_ignore=None, packages_ignore_regex=None, paths=None, packages_up_to=None, packages_up_to_regex=None, packages_above=None, packages_above_and_dependencies=None, packages_above_depth=None, packages_select_by_dep=None, packages_skip_by_dep=None, packages_skip_up_to=None, packages_select_build_failed=False, packages_skip_build_finished=False, packages_select_test_failures=False, packages_skip_test_passed=False, packages_select=None, packages_skip=None, packages_select_regex=None, packages_skip_regex=None, packages_start=None, packages_end=None, allow_overriding=[], cmake_args=None, cmake_target=None, cmake_target_skip_unavailable=False, cmake_clean_cache=False, cmake_clean_first=False, cmake_force_configure=False, ament_cmake_args=None, catkin_cmake_args=None, catkin_skip_building_tests=False, mixin_files=None, mixin=None, verb_parser=<colcon_mixin.mixin.mixin_argument.MixinArgumentDecorator object at 0x7d2121896290>, verb_extension=<colcon_core.verb.build.BuildVerb object at 0x7d2121813940>, main=<bound method BuildVerb.main of <colcon_core.verb.build.BuildVerb object at 0x7d2121813940>>, mixin_verb=('build',))
[0.235s] Level 1:colcon.colcon_core.package_discovery:discover_packages(colcon_meta) check parameters
[0.235s] Level 1:colcon.colcon_core.package_discovery:discover_packages(recursive) check parameters
[0.235s] Level 1:colcon.colcon_core.package_discovery:discover_packages(ignore) check parameters
[0.235s] Level 1:colcon.colcon_core.package_discovery:discover_packages(path) check parameters
[0.235s] Level 1:colcon.colcon_core.package_discovery:discover_packages(colcon_meta) discover
[0.235s] Level 1:colcon.colcon_core.package_discovery:discover_packages(recursive) discover
[0.235s] INFO:colcon.colcon_core.package_discovery:Crawling recursively for packages in '/home/jestin/SegFaultExp/A3/pathfinder'
[0.235s] Level 1:colcon.colcon_core.package_identification:_identify(.) by extensions ['ignore', 'ignore_ament_install']
[0.235s] Level 1:colcon.colcon_core.package_identification:_identify(.) by extension 'ignore'
[0.235s] Level 1:colcon.colcon_core.package_identification:_identify(.) by extension 'ignore_ament_install'
[0.235s] Level 1:colcon.colcon_core.package_identification:_identify(.) by extensions ['colcon_pkg']
[0.235s] Level 1:colcon.colcon_core.package_identification:_identify(.) by extension 'colcon_pkg'
[0.235s] Level 1:colcon.colcon_core.package_identification:_identify(.) by extensions ['colcon_meta']
[0.235s] Level 1:colcon.colcon_core.package_identification:_identify(.) by extension 'colcon_meta'
[0.235s] Level 1:colcon.colcon_core.package_identification:_identify(.) by extensions ['ros']
[0.235s] Level 1:colcon.colcon_core.package_identification:_identify(.) by extension 'ros'
[0.243s] Level 1:colcon.colcon_core.package_identification:_identify(.) by extensions ['cmake', 'python']
[0.243s] Level 1:colcon.colcon_core.package_identification:_identify(.) by extension 'cmake'
[0.243s] Level 1:colcon.colcon_core.package_identification:_identify(.) by extension 'python'
[0.243s] Level 1:colcon.colcon_core.package_identification:_identify(.) by extensions ['python_setup_py']
[0.243s] Level 1:colcon.colcon_core.package_identification:_identify(.) by extension 'python_setup_py'
[0.244s] Level 1:colcon.colcon_core.package_identification:_identify(build) by extensions ['ignore', 'ignore_ament_install']
[0.244s] Level 1:colcon.colcon_core.package_identification:_identify(build) by extension 'ignore'
[0.244s] Level 1:colcon.colcon_core.package_identification:_identify(build) ignored
[0.244s] Level 1:colcon.colcon_core.package_identification:_identify(install) by extensions ['ignore', 'ignore_ament_install']
[0.244s] Level 1:colcon.colcon_core.package_identification:_identify(install) by extension 'ignore'
[0.244s] Level 1:colcon.colcon_core.package_identification:_identify(install) ignored
[0.244s] Level 1:colcon.colcon_core.package_identification:_identify(log) by extensions ['ignore', 'ignore_ament_install']
[0.244s] Level 1:colcon.colcon_core.package_identification:_identify(log) by extension 'ignore'
[0.244s] Level 1:colcon.colcon_core.package_identification:_identify(log) ignored
[0.244s] Level 1:colcon.colcon_core.package_identification:_identify(src) by extensions ['ignore', 'ignore_ament_install']
[0.244s] Level 1:colcon.colcon_core.package_identification:_identify(src) by extension 'ignore'
[0.244s] Level 1:colcon.colcon_core.package_identification:_identify(src) by extension 'ignore_ament_install'
[0.244s] Level 1:colcon.colcon_core.package_identification:_identify(src) by extensions ['colcon_pkg']
[0.244s] Level 1:colcon.colcon_core.package_identification:_identify(src) by extension 'colcon_pkg'
[0.244s] Level 1:colcon.colcon_core.package_identification:_identify(src) by extensions ['colcon_meta']
[0.244s] Level 1:colcon.colcon_core.package_identification:_identify(src) by extension 'colcon_meta'
[0.244s] Level 1:colcon.colcon_core.package_identification:_identify(src) by extensions ['ros']
[0.244s] Level 1:colcon.colcon_core.package_identification:_identify(src) by extension 'ros'
[0.244s] Level 1:colcon.colcon_core.package_identification:_identify(src) by extensions ['cmake', 'python']
[0.244s] Level 1:colcon.colcon_core.package_identification:_identify(src) by extension 'cmake'
[0.244s] Level 1:colcon.colcon_core.package_identification:_identify(src) by extension 'python'
[0.244s] Level 1:colcon.colcon_core.package_identification:_identify(src) by extensions ['python_setup_py']
[0.244s] Level 1:colcon.colcon_core.package_identification:_identify(src) by extension 'python_setup_py'
[0.244s] Level 1:colcon.colcon_core.package_identification:_identify(src/drive) by extensions ['ignore', 'ignore_ament_install']
[0.244s] Level 1:colcon.colcon_core.package_identification:_identify(src/drive) by extension 'ignore'
[0.244s] Level 1:colcon.colcon_core.package_identification:_identify(src/drive) by extension 'ignore_ament_install'
[0.245s] Level 1:colcon.colcon_core.package_identification:_identify(src/drive) by extensions ['colcon_pkg']
[0.245s] Level 1:colcon.colcon_core.package_identification:_identify(src/drive) by extension 'colcon_pkg'
[0.245s] Level 1:colcon.colcon_core.package_identification:_identify(src/drive) by extensions ['colcon_meta']
[0.245s] Level 1:colcon.colcon_core.package_identification:_identify(src/drive) by extension 'colcon_meta'
[0.245s] Level 1:colcon.colcon_core.package_identification:_identify(src/drive) by extensions ['ros']
[0.245s] Level 1:colcon.colcon_core.package_identification:_identify(src/drive) by extension 'ros'
[0.246s] DEBUG:colcon.colcon_core.package_identification:Package 'src/drive' with type 'ros.ament_python' and name 'drive'
[0.246s] Level 1:colcon.colcon_core.package_identification:_identify(src/pedestrian) by extensions ['ignore', 'ignore_ament_install']
[0.246s] Level 1:colcon.colcon_core.package_identification:_identify(src/pedestrian) by extension 'ignore'
[0.246s] Level 1:colcon.colcon_core.package_identification:_identify(src/pedestrian) by extension 'ignore_ament_install'
[0.246s] Level 1:colcon.colcon_core.package_identification:_identify(src/pedestrian) by extensions ['colcon_pkg']
[0.247s] Level 1:colcon.colcon_core.package_identification:_identify(src/pedestrian) by extension 'colcon_pkg'
[0.247s] Level 1:colcon.colcon_core.package_identification:_identify(src/pedestrian) by extensions ['colcon_meta']
[0.247s] Level 1:colcon.colcon_core.package_identification:_identify(src/pedestrian) by extension 'colcon_meta'
[0.247s] Level 1:colcon.colcon_core.package_identification:_identify(src/pedestrian) by extensions ['ros']
[0.247s] Level 1:colcon.colcon_core.package_identification:_identify(src/pedestrian) by extension 'ros'
[0.247s] DEBUG:colcon.colcon_core.package_identification:Package 'src/pedestrian' with type 'ros.ament_python' and name 'pedestrian'
[0.247s] Level 1:colcon.colcon_core.package_identification:_identify(src/testing) by extensions ['ignore', 'ignore_ament_install']
[0.247s] Level 1:colcon.colcon_core.package_identification:_identify(src/testing) by extension 'ignore'
[0.247s] Level 1:colcon.colcon_core.package_identification:_identify(src/testing) by extension 'ignore_ament_install'
[0.247s] Level 1:colcon.colcon_core.package_identification:_identify(src/testing) by extensions ['colcon_pkg']
[0.247s] Level 1:colcon.colcon_core.package_identification:_identify(src/testing) by extension 'colcon_pkg'
[0.247s] Level 1:colcon.colcon_core.package_identification:_identify(src/testing) by extensions ['colcon_meta']
[0.247s] Level 1:colcon.colcon_core.package_identification:_identify(src/testing) by extension 'colcon_meta'
[0.247s] Level 1:colcon.colcon_core.package_identification:_identify(src/testing) by extensions ['ros']
[0.247s] Level 1:colcon.colcon_core.package_identification:_identify(src/testing) by extension 'ros'
[0.248s] DEBUG:colcon.colcon_core.package_identification:Package 'src/testing' with type 'ros.ament_python' and name 'testing'
[0.248s] Level 1:colcon.colcon_core.package_discovery:discover_packages(recursive) using defaults
[0.248s] Level 1:colcon.colcon_core.package_discovery:discover_packages(ignore) discover
[0.248s] Level 1:colcon.colcon_core.package_discovery:discover_packages(ignore) using defaults
[0.248s] Level 1:colcon.colcon_core.package_discovery:discover_packages(path) discover
[0.248s] Level 1:colcon.colcon_core.package_discovery:discover_packages(path) using defaults
[0.263s] Level 1:colcon.colcon_core.package_discovery:discover_packages(prefix_path) check parameters
[0.263s] Level 1:colcon.colcon_core.package_discovery:discover_packages(prefix_path) discover
[0.263s] WARNING:colcon.colcon_ros.prefix_path.ament:The path '/home/jestin/SegFaultExp/A3/pathfinder/install/testing' in the environment variable AMENT_PREFIX_PATH doesn't exist
[0.263s] WARNING:colcon.colcon_ros.prefix_path.ament:The path '/home/jestin/SegFaultExp/A3/pathfinder/install/pedestrian' in the environment variable AMENT_PREFIX_PATH doesn't exist
[0.263s] WARNING:colcon.colcon_ros.prefix_path.ament:The path '/home/jestin/SegFaultExp/A3/pathfinder/install/drive' in the environment variable AMENT_PREFIX_PATH doesn't exist
[0.264s] DEBUG:colcon.colcon_installed_package_information.package_discovery:Found 0 installed packages in /home/jestin/SegFaultExp/A3/pathfinder/install
[0.265s] DEBUG:colcon.colcon_installed_package_information.package_discovery:Found 504 installed packages in /opt/ros/humble
[0.267s] Level 1:colcon.colcon_core.package_discovery:discover_packages(prefix_path) using defaults
[0.362s] Level 5:colcon.colcon_core.verb:set package 'drive' build argument 'cmake_args' from command line to 'None'
[0.362s] Level 5:colcon.colcon_core.verb:set package 'drive' build argument 'cmake_target' from command line to 'None'
[0.362s] Level 5:colcon.colcon_core.verb:set package 'drive' build argument 'cmake_target_skip_unavailable' from command line to 'False'
[0.362s] Level 5:colcon.colcon_core.verb:set package 'drive' build argument 'cmake_clean_cache' from command line to 'False'
[0.362s] Level 5:colcon.colcon_core.verb:set package 'drive' build argument 'cmake_clean_first' from command line to 'False'
[0.362s] Level 5:colcon.colcon_core.verb:set package 'drive' build argument 'cmake_force_configure' from command line to 'False'
[0.362s] Level 5:colcon.colcon_core.verb:set package 'drive' build argument 'ament_cmake_args' from command line to 'None'
[0.362s] Level 5:colcon.colcon_core.verb:set package 'drive' build argument 'catkin_cmake_args' from command line to 'None'
[0.362s] Level 5:colcon.colcon_core.verb:set package 'drive' build argument 'catkin_skip_building_tests' from command line to 'False'
[0.362s] DEBUG:colcon.colcon_core.verb:Building package 'drive' with the following arguments: {'ament_cmake_args': None, 'build_base': '/home/jestin/SegFaultExp/A3/pathfinder/build/drive', 'catkin_cmake_args': None, 'catkin_skip_building_tests': False, 'cmake_args': None, 'cmake_clean_cache': False, 'cmake_clean_first': False, 'cmake_force_configure': False, 'cmake_target': None, 'cmake_target_skip_unavailable': False, 'install_base': '/home/jestin/SegFaultExp/A3/pathfinder/install/drive', 'merge_install': False, 'path': '/home/jestin/SegFaultExp/A3/pathfinder/src/drive', 'symlink_install': False, 'test_result_base': None}
[0.362s] Level 5:colcon.colcon_core.verb:set package 'pedestrian' build argument 'cmake_args' from command line to 'None'
[0.362s] Level 5:colcon.colcon_core.verb:set package 'pedestrian' build argument 'cmake_target' from command line to 'None'
[0.362s] Level 5:colcon.colcon_core.verb:set package 'pedestrian' build argument 'cmake_target_skip_unavailable' from command line to 'False'
[0.362s] Level 5:colcon.colcon_core.verb:set package 'pedestrian' build argument 'cmake_clean_cache' from command line to 'False'
[0.362s] Level 5:colcon.colcon_core.verb:set package 'pedestrian' build argument 'cmake_clean_first' from command line to 'False'
[0.362s] Level 5:colcon.colcon_core.verb:set package 'pedestrian' build argument 'cmake_force_configure' from command line to 'False'
[0.362s] Level 5:colcon.colcon_core.verb:set package 'pedestrian' build argument 'ament_cmake_args' from command line to 'None'
[0.362s] Level 5:colcon.colcon_core.verb:set package 'pedestrian' build argument 'catkin_cmake_args' from command line to 'None'
[0.362s] Level 5:colcon.colcon_core.verb:set package 'pedestrian' build argument 'catkin_skip_building_tests' from command line to 'False'
[0.362s] DEBUG:colcon.colcon_core.verb:Building package 'pedestrian' with the following arguments: {'ament_cmake_args': None, 'build_base': '/home/jestin/SegFaultExp/A3/pathfinder/build/pedestrian', 'catkin_cmake_args': None, 'catkin_skip_building_tests': False, 'cmake_args': None, 'cmake_clean_cache': False, 'cmake_clean_first': False, 'cmake_force_configure': False, 'cmake_target': None, 'cmake_target_skip_unavailable': False, 'install_base': '/home/jestin/SegFaultExp/A3/pathfinder/install/pedestrian', 'merge_install': False, 'path': '/home/jestin/SegFaultExp/A3/pathfinder/src/pedestrian', 'symlink_install': False, 'test_result_base': None}
[0.362s] Level 5:colcon.colcon_core.verb:set package 'testing' build argument 'cmake_args' from command line to 'None'
[0.362s] Level 5:colcon.colcon_core.verb:set package 'testing' build argument 'cmake_target' from command line to 'None'
[0.362s] Level 5:colcon.colcon_core.verb:set package 'testing' build argument 'cmake_target_skip_unavailable' from command line to 'False'
[0.362s] Level 5:colcon.colcon_core.verb:set package 'testing' build argument 'cmake_clean_cache' from command line to 'False'
[0.362s] Level 5:colcon.colcon_core.verb:set package 'testing' build argument 'cmake_clean_first' from command line to 'False'
[0.362s] Level 5:colcon.colcon_core.verb:set package 'testing' build argument 'cmake_force_configure' from command line to 'False'
[0.362s] Level 5:colcon.colcon_core.verb:set package 'testing' build argument 'ament_cmake_args' from command line to 'None'
[0.362s] Level 5:colcon.colcon_core.verb:set package 'testing' build argument 'catkin_cmake_args' from command line to 'None'
[0.363s] Level 5:colcon.colcon_core.verb:set package 'testing' build argument 'catkin_skip_building_tests' from command line to 'False'
[0.363s] DEBUG:colcon.colcon_core.verb:Building package 'testing' with the following arguments: {'ament_cmake_args': None, 'build_base': '/home/jestin/SegFaultExp/A3/pathfinder/build/testing', 'catkin_cmake_args': None, 'catkin_skip_building_tests': False, 'cmake_args': None, 'cmake_clean_cache': False, 'cmake_clean_first': False, 'cmake_force_configure': False, 'cmake_target': None, 'cmake_target_skip_unavailable': False, 'install_base': '/home/jestin/SegFaultExp/A3/pathfinder/install/testing', 'merge_install': False, 'path': '/home/jestin/SegFaultExp/A3/pathfinder/src/testing', 'symlink_install': False, 'test_result_base': None}
[0.363s] INFO:colcon.colcon_core.executor:Executing jobs using 'parallel' executor
[0.364s] DEBUG:colcon.colcon_parallel_executor.executor.parallel:run_until_complete
[0.364s] INFO:colcon.colcon_ros.task.ament_python.build:Building ROS package in '/home/jestin/SegFaultExp/A3/pathfinder/src/drive' with build type 'ament_python'
[0.364s] Level 1:colcon.colcon_core.shell:create_environment_hook('drive', 'ament_prefix_path')
[0.365s] INFO:colcon.colcon_core.plugin_system:Skipping extension 'colcon_core.shell.bat': Not used on non-Windows systems
[0.365s] INFO:colcon.colcon_core.shell:Creating environment hook '/home/jestin/SegFaultExp/A3/pathfinder/install/drive/share/drive/hook/ament_prefix_path.ps1'
[0.366s] INFO:colcon.colcon_core.shell:Creating environment descriptor '/home/jestin/SegFaultExp/A3/pathfinder/install/drive/share/drive/hook/ament_prefix_path.dsv'
[0.366s] INFO:colcon.colcon_core.shell:Creating environment hook '/home/jestin/SegFaultExp/A3/pathfinder/install/drive/share/drive/hook/ament_prefix_path.sh'
[0.366s] INFO:colcon.colcon_core.shell:Skip shell extension 'powershell' for command environment: Not usable outside of PowerShell
[0.366s] DEBUG:colcon.colcon_core.shell:Skip shell extension 'dsv' for command environment
[0.369s] INFO:colcon.colcon_ros.task.ament_python.build:Building ROS package in '/home/jestin/SegFaultExp/A3/pathfinder/src/pedestrian' with build type 'ament_python'
[0.369s] Level 1:colcon.colcon_core.shell:create_environment_hook('pedestrian', 'ament_prefix_path')
[0.369s] INFO:colcon.colcon_core.shell:Creating environment hook '/home/jestin/SegFaultExp/A3/pathfinder/install/pedestrian/share/pedestrian/hook/ament_prefix_path.ps1'
[0.370s] INFO:colcon.colcon_core.shell:Creating environment descriptor '/home/jestin/SegFaultExp/A3/pathfinder/install/pedestrian/share/pedestrian/hook/ament_prefix_path.dsv'
[0.370s] INFO:colcon.colcon_core.shell:Creating environment hook '/home/jestin/SegFaultExp/A3/pathfinder/install/pedestrian/share/pedestrian/hook/ament_prefix_path.sh'
[0.370s] INFO:colcon.colcon_core.shell:Skip shell extension 'powershell' for command environment: Not usable outside of PowerShell
[0.370s] DEBUG:colcon.colcon_core.shell:Skip shell extension 'dsv' for command environment
[0.373s] INFO:colcon.colcon_ros.task.ament_python.build:Building ROS package in '/home/jestin/SegFaultExp/A3/pathfinder/src/testing' with build type 'ament_python'
[0.373s] Level 1:colcon.colcon_core.shell:create_environment_hook('testing', 'ament_prefix_path')
[0.373s] INFO:colcon.colcon_core.shell:Creating environment hook '/home/jestin/SegFaultExp/A3/pathfinder/install/testing/share/testing/hook/ament_prefix_path.ps1'
[0.374s] INFO:colcon.colcon_core.shell:Creating environment descriptor '/home/jestin/SegFaultExp/A3/pathfinder/install/testing/share/testing/hook/ament_prefix_path.dsv'
[0.374s] INFO:colcon.colcon_core.shell:Creating environment hook '/home/jestin/SegFaultExp/A3/pathfinder/install/testing/share/testing/hook/ament_prefix_path.sh'
[0.375s] INFO:colcon.colcon_core.shell:Skip shell extension 'powershell' for command environment: Not usable outside of PowerShell
[0.375s] DEBUG:colcon.colcon_core.shell:Skip shell extension 'dsv' for command environment
[0.595s] INFO:colcon.colcon_core.task.python.build:Building Python package in '/home/jestin/SegFaultExp/A3/pathfinder/src/drive'
[0.595s] INFO:colcon.colcon_core.shell:Skip shell extension 'powershell' for command environment: Not usable outside of PowerShell
[0.595s] DEBUG:colcon.colcon_core.shell:Skip shell extension 'dsv' for command environment
[0.830s] INFO:colcon.colcon_core.task.python.build:Building Python package in '/home/jestin/SegFaultExp/A3/pathfinder/src/pedestrian'
[0.831s] INFO:colcon.colcon_core.shell:Skip shell extension 'powershell' for command environment: Not usable outside of PowerShell
[0.831s] DEBUG:colcon.colcon_core.shell:Skip shell extension 'dsv' for command environment
[1.054s] INFO:colcon.colcon_core.task.python.build:Building Python package in '/home/jestin/SegFaultExp/A3/pathfinder/src/testing'
[1.055s] INFO:colcon.colcon_core.shell:Skip shell extension 'powershell' for command environment: Not usable outside of PowerShell
[1.055s] DEBUG:colcon.colcon_core.shell:Skip shell extension 'dsv' for command environment
[1.407s] DEBUG:colcon.colcon_core.event_handler.log_command:Invoking command in '/home/jestin/SegFaultExp/A3/pathfinder/src/testing': PYTHONPATH=/home/jestin/SegFaultExp/A3/pathfinder/build/testing/prefix_override:/usr/lib/python3/dist-packages/colcon_core/task/python/colcon_distutils_commands:/home/jestin/SegFaultExp/A3/pathfinder/install/testing/lib/python3.10/site-packages:${PYTHONPATH} /usr/bin/python3 -W ignore:setup.py install is deprecated -W ignore:easy_install command is deprecated setup.py egg_info --egg-base ../../build/testing build --build-base /home/jestin/SegFaultExp/A3/pathfinder/build/testing/build install --record /home/jestin/SegFaultExp/A3/pathfinder/build/testing/install.log --single-version-externally-managed install_data
[1.410s] DEBUG:colcon.colcon_core.event_handler.log_command:Invoking command in '/home/jestin/SegFaultExp/A3/pathfinder/src/pedestrian': PYTHONPATH=/home/jestin/SegFaultExp/A3/pathfinder/build/pedestrian/prefix_override:/usr/lib/python3/dist-packages/colcon_core/task/python/colcon_distutils_commands:/home/jestin/SegFaultExp/A3/pathfinder/install/pedestrian/lib/python3.10/site-packages:${PYTHONPATH} /usr/bin/python3 -W ignore:setup.py install is deprecated -W ignore:easy_install command is deprecated setup.py egg_info --egg-base ../../build/pedestrian build --build-base /home/jestin/SegFaultExp/A3/pathfinder/build/pedestrian/build install --record /home/jestin/SegFaultExp/A3/pathfinder/build/pedestrian/install.log --single-version-externally-managed install_data
[1.412s] DEBUG:colcon.colcon_core.event_handler.log_command:Invoking command in '/home/jestin/SegFaultExp/A3/pathfinder/src/drive': PYTHONPATH=/home/jestin/SegFaultExp/A3/pathfinder/build/drive/prefix_override:/usr/lib/python3/dist-packages/colcon_core/task/python/colcon_distutils_commands:/home/jestin/SegFaultExp/A3/pathfinder/install/drive/lib/python3.10/site-packages:${PYTHONPATH} /usr/bin/python3 -W ignore:setup.py install is deprecated -W ignore:easy_install command is deprecated setup.py egg_info --egg-base ../../build/drive build --build-base /home/jestin/SegFaultExp/A3/pathfinder/build/drive/build install --record /home/jestin/SegFaultExp/A3/pathfinder/build/drive/install.log --single-version-externally-managed install_data
[1.698s] DEBUG:colcon.colcon_core.event_handler.log_command:Invoked command in '/home/jestin/SegFaultExp/A3/pathfinder/src/testing' returned '0': PYTHONPATH=/home/jestin/SegFaultExp/A3/pathfinder/build/testing/prefix_override:/usr/lib/python3/dist-packages/colcon_core/task/python/colcon_distutils_commands:/home/jestin/SegFaultExp/A3/pathfinder/install/testing/lib/python3.10/site-packages:${PYTHONPATH} /usr/bin/python3 -W ignore:setup.py install is deprecated -W ignore:easy_install command is deprecated setup.py egg_info --egg-base ../../build/testing build --build-base /home/jestin/SegFaultExp/A3/pathfinder/build/testing/build install --record /home/jestin/SegFaultExp/A3/pathfinder/build/testing/install.log --single-version-externally-managed install_data
[1.699s] Level 1:colcon.colcon_core.environment:checking '/home/jestin/SegFaultExp/A3/pathfinder/install/testing' for CMake module files
[1.700s] Level 1:colcon.colcon_core.environment:checking '/home/jestin/SegFaultExp/A3/pathfinder/install/testing' for CMake config files
[1.700s] Level 1:colcon.colcon_core.environment:checking '/home/jestin/SegFaultExp/A3/pathfinder/install/testing/lib'
[1.700s] Level 1:colcon.colcon_core.environment:checking '/home/jestin/SegFaultExp/A3/pathfinder/install/testing/bin'
[1.700s] Level 1:colcon.colcon_core.environment:checking '/home/jestin/SegFaultExp/A3/pathfinder/install/testing/lib/pkgconfig/testing.pc'
[1.701s] Level 1:colcon.colcon_core.environment:checking '/home/jestin/SegFaultExp/A3/pathfinder/install/testing/lib/python3.10/site-packages'
[1.701s] Level 1:colcon.colcon_core.shell:create_environment_hook('testing', 'pythonpath')
[1.701s] INFO:colcon.colcon_core.shell:Creating environment hook '/home/jestin/SegFaultExp/A3/pathfinder/install/testing/share/testing/hook/pythonpath.ps1'
[1.701s] INFO:colcon.colcon_core.shell:Creating environment descriptor '/home/jestin/SegFaultExp/A3/pathfinder/install/testing/share/testing/hook/pythonpath.dsv'
[1.702s] INFO:colcon.colcon_core.shell:Creating environment hook '/home/jestin/SegFaultExp/A3/pathfinder/install/testing/share/testing/hook/pythonpath.sh'
[1.702s] Level 1:colcon.colcon_core.environment:checking '/home/jestin/SegFaultExp/A3/pathfinder/install/testing/bin'
[1.702s] Level 1:colcon.colcon_core.environment:create_environment_scripts_only(testing)
[1.703s] INFO:colcon.colcon_core.shell:Creating package script '/home/jestin/SegFaultExp/A3/pathfinder/install/testing/share/testing/package.ps1'
[1.704s] INFO:colcon.colcon_core.shell:Creating package descriptor '/home/jestin/SegFaultExp/A3/pathfinder/install/testing/share/testing/package.dsv'
[1.704s] INFO:colcon.colcon_core.shell:Creating package script '/home/jestin/SegFaultExp/A3/pathfinder/install/testing/share/testing/package.sh'
[1.705s] INFO:colcon.colcon_core.shell:Creating package script '/home/jestin/SegFaultExp/A3/pathfinder/install/testing/share/testing/package.bash'
[1.705s] INFO:colcon.colcon_core.shell:Creating package script '/home/jestin/SegFaultExp/A3/pathfinder/install/testing/share/testing/package.zsh'
[1.706s] Level 1:colcon.colcon_core.environment:create_file_with_runtime_dependencies(/home/jestin/SegFaultExp/A3/pathfinder/install/testing/share/colcon-core/packages/testing)
[1.707s] Level 1:colcon.colcon_core.environment:checking '/home/jestin/SegFaultExp/A3/pathfinder/install/drive' for CMake module files
[1.707s] DEBUG:colcon.colcon_core.event_handler.log_command:Invoked command in '/home/jestin/SegFaultExp/A3/pathfinder/src/drive' returned '0': PYTHONPATH=/home/jestin/SegFaultExp/A3/pathfinder/build/drive/prefix_override:/usr/lib/python3/dist-packages/colcon_core/task/python/colcon_distutils_commands:/home/jestin/SegFaultExp/A3/pathfinder/install/drive/lib/python3.10/site-packages:${PYTHONPATH} /usr/bin/python3 -W ignore:setup.py install is deprecated -W ignore:easy_install command is deprecated setup.py egg_info --egg-base ../../build/drive build --build-base /home/jestin/SegFaultExp/A3/pathfinder/build/drive/build install --record /home/jestin/SegFaultExp/A3/pathfinder/build/drive/install.log --single-version-externally-managed install_data
[1.707s] Level 1:colcon.colcon_core.environment:checking '/home/jestin/SegFaultExp/A3/pathfinder/install/drive' for CMake config files
[1.708s] Level 1:colcon.colcon_core.environment:checking '/home/jestin/SegFaultExp/A3/pathfinder/install/drive/lib'
[1.708s] Level 1:colcon.colcon_core.environment:checking '/home/jestin/SegFaultExp/A3/pathfinder/install/drive/bin'
[1.708s] Level 1:colcon.colcon_core.environment:checking '/home/jestin/SegFaultExp/A3/pathfinder/install/drive/lib/pkgconfig/drive.pc'
[1.708s] Level 1:colcon.colcon_core.environment:checking '/home/jestin/SegFaultExp/A3/pathfinder/install/drive/lib/python3.10/site-packages'
[1.708s] Level 1:colcon.colcon_core.shell:create_environment_hook('drive', 'pythonpath')
[1.708s] INFO:colcon.colcon_core.shell:Creating environment hook '/home/jestin/SegFaultExp/A3/pathfinder/install/drive/share/drive/hook/pythonpath.ps1'
[1.709s] INFO:colcon.colcon_core.shell:Creating environment descriptor '/home/jestin/SegFaultExp/A3/pathfinder/install/drive/share/drive/hook/pythonpath.dsv'
[1.709s] INFO:colcon.colcon_core.shell:Creating environment hook '/home/jestin/SegFaultExp/A3/pathfinder/install/drive/share/drive/hook/pythonpath.sh'
[1.709s] Level 1:colcon.colcon_core.environment:checking '/home/jestin/SegFaultExp/A3/pathfinder/install/drive/bin'
[1.710s] Level 1:colcon.colcon_core.environment:create_environment_scripts_only(drive)
[1.710s] INFO:colcon.colcon_core.shell:Creating package script '/home/jestin/SegFaultExp/A3/pathfinder/install/drive/share/drive/package.ps1'
[1.710s] INFO:colcon.colcon_core.shell:Creating package descriptor '/home/jestin/SegFaultExp/A3/pathfinder/install/drive/share/drive/package.dsv'
[1.711s] INFO:colcon.colcon_core.shell:Creating package script '/home/jestin/SegFaultExp/A3/pathfinder/install/drive/share/drive/package.sh'
[1.711s] INFO:colcon.colcon_core.shell:Creating package script '/home/jestin/SegFaultExp/A3/pathfinder/install/drive/share/drive/package.bash'
[1.711s] INFO:colcon.colcon_core.shell:Creating package script '/home/jestin/SegFaultExp/A3/pathfinder/install/drive/share/drive/package.zsh'
[1.711s] Level 1:colcon.colcon_core.environment:create_file_with_runtime_dependencies(/home/jestin/SegFaultExp/A3/pathfinder/install/drive/share/colcon-core/packages/drive)
[2.146s] Level 1:colcon.colcon_core.environment:checking '/home/jestin/SegFaultExp/A3/pathfinder/install/pedestrian' for CMake module files
[2.147s] DEBUG:colcon.colcon_core.event_handler.log_command:Invoked command in '/home/jestin/SegFaultExp/A3/pathfinder/src/pedestrian' returned '0': PYTHONPATH=/home/jestin/SegFaultExp/A3/pathfinder/build/pedestrian/prefix_override:/usr/lib/python3/dist-packages/colcon_core/task/python/colcon_distutils_commands:/home/jestin/SegFaultExp/A3/pathfinder/install/pedestrian/lib/python3.10/site-packages:${PYTHONPATH} /usr/bin/python3 -W ignore:setup.py install is deprecated -W ignore:easy_install command is deprecated setup.py egg_info --egg-base ../../build/pedestrian build --build-base /home/jestin/SegFaultExp/A3/pathfinder/build/pedestrian/build install --record /home/jestin/SegFaultExp/A3/pathfinder/build/pedestrian/install.log --single-version-externally-managed install_data
[2.147s] Level 1:colcon.colcon_core.environment:checking '/home/jestin/SegFaultExp/A3/pathfinder/install/pedestrian' for CMake config files
[2.147s] Level 1:colcon.colcon_core.environment:checking '/home/jestin/SegFaultExp/A3/pathfinder/install/pedestrian/lib'
[2.147s] Level 1:colcon.colcon_core.environment:checking '/home/jestin/SegFaultExp/A3/pathfinder/install/pedestrian/bin'
[2.147s] Level 1:colcon.colcon_core.environment:checking '/home/jestin/SegFaultExp/A3/pathfinder/install/pedestrian/lib/pkgconfig/pedestrian.pc'
[2.148s] Level 1:colcon.colcon_core.environment:checking '/home/jestin/SegFaultExp/A3/pathfinder/install/pedestrian/lib/python3.10/site-packages'
[2.148s] Level 1:colcon.colcon_core.shell:create_environment_hook('pedestrian', 'pythonpath')
[2.148s] INFO:colcon.colcon_core.shell:Creating environment hook '/home/jestin/SegFaultExp/A3/pathfinder/install/pedestrian/share/pedestrian/hook/pythonpath.ps1'
[2.148s] INFO:colcon.colcon_core.shell:Creating environment descriptor '/home/jestin/SegFaultExp/A3/pathfinder/install/pedestrian/share/pedestrian/hook/pythonpath.dsv'
[2.148s] INFO:colcon.colcon_core.shell:Creating environment hook '/home/jestin/SegFaultExp/A3/pathfinder/install/pedestrian/share/pedestrian/hook/pythonpath.sh'
[2.149s] Level 1:colcon.colcon_core.environment:checking '/home/jestin/SegFaultExp/A3/pathfinder/install/pedestrian/bin'
[2.149s] Level 1:colcon.colcon_core.environment:create_environment_scripts_only(pedestrian)
[2.149s] INFO:colcon.colcon_core.shell:Creating package script '/home/jestin/SegFaultExp/A3/pathfinder/install/pedestrian/share/pedestrian/package.ps1'
[2.149s] INFO:colcon.colcon_core.shell:Creating package descriptor '/home/jestin/SegFaultExp/A3/pathfinder/install/pedestrian/share/pedestrian/package.dsv'
[2.150s] INFO:colcon.colcon_core.shell:Creating package script '/home/jestin/SegFaultExp/A3/pathfinder/install/pedestrian/share/pedestrian/package.sh'
[2.150s] INFO:colcon.colcon_core.shell:Creating package script '/home/jestin/SegFaultExp/A3/pathfinder/install/pedestrian/share/pedestrian/package.bash'
[2.150s] INFO:colcon.colcon_core.shell:Creating package script '/home/jestin/SegFaultExp/A3/pathfinder/install/pedestrian/share/pedestrian/package.zsh'
[2.150s] Level 1:colcon.colcon_core.environment:create_file_with_runtime_dependencies(/home/jestin/SegFaultExp/A3/pathfinder/install/pedestrian/share/colcon-core/packages/pedestrian)
[2.150s] DEBUG:colcon.colcon_parallel_executor.executor.parallel:closing loop
[2.150s] DEBUG:colcon.colcon_parallel_executor.executor.parallel:loop closed
[2.151s] DEBUG:colcon.colcon_parallel_executor.executor.parallel:run_until_complete finished with '0'
[2.151s] DEBUG:colcon.colcon_core.event_reactor:joining thread
[2.159s] INFO:colcon.colcon_core.plugin_system:Skipping extension 'colcon_notification.desktop_notification.terminal_notifier': Not used on non-Darwin systems
[2.159s] INFO:colcon.colcon_core.plugin_system:Skipping extension 'colcon_notification.desktop_notification.win32': Not used on non-Windows systems
[2.159s] INFO:colcon.colcon_notification.desktop_notification:Sending desktop notification using 'notify2'
[2.167s] DEBUG:colcon.colcon_core.event_reactor:joined thread
[2.167s] INFO:colcon.colcon_core.shell:Creating prefix script '/home/jestin/SegFaultExp/A3/pathfinder/install/local_setup.ps1'
[2.168s] INFO:colcon.colcon_core.shell:Creating prefix util module '/home/jestin/SegFaultExp/A3/pathfinder/install/_local_setup_util_ps1.py'
[2.169s] INFO:colcon.colcon_core.shell:Creating prefix chain script '/home/jestin/SegFaultExp/A3/pathfinder/install/setup.ps1'
[2.170s] INFO:colcon.colcon_core.shell:Creating prefix script '/home/jestin/SegFaultExp/A3/pathfinder/install/local_setup.sh'
[2.170s] INFO:colcon.colcon_core.shell:Creating prefix util module '/home/jestin/SegFaultExp/A3/pathfinder/install/_local_setup_util_sh.py'
[2.170s] INFO:colcon.colcon_core.shell:Creating prefix chain script '/home/jestin/SegFaultExp/A3/pathfinder/install/setup.sh'
[2.171s] INFO:colcon.colcon_core.shell:Creating prefix script '/home/jestin/SegFaultExp/A3/pathfinder/install/local_setup.bash'
[2.171s] INFO:colcon.colcon_core.shell:Creating prefix chain script '/home/jestin/SegFaultExp/A3/pathfinder/install/setup.bash'
[2.172s] INFO:colcon.colcon_core.shell:Creating prefix script '/home/jestin/SegFaultExp/A3/pathfinder/install/local_setup.zsh'
[2.172s] INFO:colcon.colcon_core.shell:Creating prefix chain script '/home/jestin/SegFaultExp/A3/pathfinder/install/setup.zsh'
