running egg_info
creating ../../build/pedestrian/pedestrian.egg-info
writing ../../build/pedestrian/pedestrian.egg-info/PKG-INFO
writing dependency_links to ../../build/pedestrian/pedestrian.egg-info/dependency_links.txt
writing entry points to ../../build/pedestrian/pedestrian.egg-info/entry_points.txt
writing requirements to ../../build/pedestrian/pedestrian.egg-info/requires.txt
writing top-level names to ../../build/pedestrian/pedestrian.egg-info/top_level.txt
writing manifest file '../../build/pedestrian/pedestrian.egg-info/SOURCES.txt'
reading manifest file '../../build/pedestrian/pedestrian.egg-info/SOURCES.txt'
adding license file 'LICENSE'
writing manifest file '../../build/pedestrian/pedestrian.egg-info/SOURCES.txt'
running build
running build_py
creating /home/jestin/SegFaultExp/A3/pathfinder/build/pedestrian/build
creating /home/jestin/SegFaultExp/A3/pathfinder/build/pedestrian/build/lib
creating /home/jestin/SegFaultExp/A3/pathfinder/build/pedestrian/build/lib/pedestrian
copying pedestrian/__init__.py -> /home/jestin/SegFaultExp/A3/pathfinder/build/pedestrian/build/lib/pedestrian
copying pedestrian/Pedestrian.py -> /home/jestin/SegFaultExp/A3/pathfinder/build/pedestrian/build/lib/pedestrian
running install
running install_lib
creating /home/jestin/SegFaultExp/A3/pathfinder/install/pedestrian/lib/python3.10/site-packages/pedestrian
copying /home/jestin/SegFaultExp/A3/pathfinder/build/pedestrian/build/lib/pedestrian/__init__.py -> /home/jestin/SegFaultExp/A3/pathfinder/install/pedestrian/lib/python3.10/site-packages/pedestrian
copying /home/jestin/SegFaultExp/A3/pathfinder/build/pedestrian/build/lib/pedestrian/Pedestrian.py -> /home/jestin/SegFaultExp/A3/pathfinder/install/pedestrian/lib/python3.10/site-packages/pedestrian
byte-compiling /home/jestin/SegFaultExp/A3/pathfinder/install/pedestrian/lib/python3.10/site-packages/pedestrian/__init__.py to __init__.cpython-310.pyc
byte-compiling /home/jestin/SegFaultExp/A3/pathfinder/install/pedestrian/lib/python3.10/site-packages/pedestrian/Pedestrian.py to Pedestrian.cpython-310.pyc
running install_data
creating /home/jestin/SegFaultExp/A3/pathfinder/install/pedestrian/share/ament_index
creating /home/jestin/SegFaultExp/A3/pathfinder/install/pedestrian/share/ament_index/resource_index
creating /home/jestin/SegFaultExp/A3/pathfinder/install/pedestrian/share/ament_index/resource_index/packages
copying resource/pedestrian -> /home/jestin/SegFaultExp/A3/pathfinder/install/pedestrian/share/ament_index/resource_index/packages
copying package.xml -> /home/jestin/SegFaultExp/A3/pathfinder/install/pedestrian/share/pedestrian
creating /home/jestin/SegFaultExp/A3/pathfinder/install/pedestrian/share/pedestrian/launch
copying launch/pedestrian.launch.py -> /home/jestin/SegFaultExp/A3/pathfinder/install/pedestrian/share/pedestrian/launch
running install_egg_info
Copying ../../build/pedestrian/pedestrian.egg-info to /home/jestin/SegFaultExp/A3/pathfinder/install/pedestrian/lib/python3.10/site-packages/pedestrian-0.0.0-py3.10.egg-info
running install_scripts
Installing Pedestrian script to /home/jestin/SegFaultExp/A3/pathfinder/install/pedestrian/lib/pedestrian
writing list of installed files to '/home/jestin/SegFaultExp/A3/pathfinder/build/pedestrian/install.log'
