[0.547s] Invoking command in '/home/jestin/SegFaultExp/A3/pathfinder/src/pedestrian': PYTHONPATH=/home/jestin/SegFaultExp/A3/pathfinder/build/pedestrian/prefix_override:/usr/lib/python3/dist-packages/colcon_core/task/python/colcon_distutils_commands:/home/jestin/SegFaultExp/A3/pathfinder/install/pedestrian/lib/python3.10/site-packages:${PYTHONPATH} /usr/bin/python3 -W ignore:setup.py install is deprecated -W ignore:easy_install command is deprecated setup.py egg_info --egg-base ../../build/pedestrian build --build-base /home/jestin/SegFaultExp/A3/pathfinder/build/pedestrian/build install --record /home/jestin/SegFaultExp/A3/pathfinder/build/pedestrian/install.log --single-version-externally-managed install_data
[0.772s] running egg_info
[0.772s] creating ../../build/pedestrian/pedestrian.egg-info
[0.772s] writing ../../build/pedestrian/pedestrian.egg-info/PKG-INFO
[0.772s] writing dependency_links to ../../build/pedestrian/pedestrian.egg-info/dependency_links.txt
[0.772s] writing entry points to ../../build/pedestrian/pedestrian.egg-info/entry_points.txt
[0.772s] writing requirements to ../../build/pedestrian/pedestrian.egg-info/requires.txt
[0.772s] writing top-level names to ../../build/pedestrian/pedestrian.egg-info/top_level.txt
[0.773s] writing manifest file '../../build/pedestrian/pedestrian.egg-info/SOURCES.txt'
[0.774s] reading manifest file '../../build/pedestrian/pedestrian.egg-info/SOURCES.txt'
[0.774s] adding license file 'LICENSE'
[0.775s] writing manifest file '../../build/pedestrian/pedestrian.egg-info/SOURCES.txt'
[0.775s] running build
[0.775s] running build_py
[0.775s] creating /home/jestin/SegFaultExp/A3/pathfinder/build/pedestrian/build
[0.775s] creating /home/jestin/SegFaultExp/A3/pathfinder/build/pedestrian/build/lib
[0.775s] creating /home/jestin/SegFaultExp/A3/pathfinder/build/pedestrian/build/lib/pedestrian
[0.775s] copying pedestrian/__init__.py -> /home/jestin/SegFaultExp/A3/pathfinder/build/pedestrian/build/lib/pedestrian
[0.775s] copying pedestrian/Pedestrian.py -> /home/jestin/SegFaultExp/A3/pathfinder/build/pedestrian/build/lib/pedestrian
[0.775s] running install
[0.775s] running install_lib
[0.776s] creating /home/jestin/SegFaultExp/A3/pathfinder/install/pedestrian/lib/python3.10/site-packages/pedestrian
[0.776s] copying /home/jestin/SegFaultExp/A3/pathfinder/build/pedestrian/build/lib/pedestrian/__init__.py -> /home/jestin/SegFaultExp/A3/pathfinder/install/pedestrian/lib/python3.10/site-packages/pedestrian
[0.776s] copying /home/jestin/SegFaultExp/A3/pathfinder/build/pedestrian/build/lib/pedestrian/Pedestrian.py -> /home/jestin/SegFaultExp/A3/pathfinder/install/pedestrian/lib/python3.10/site-packages/pedestrian
[0.776s] byte-compiling /home/jestin/SegFaultExp/A3/pathfinder/install/pedestrian/lib/python3.10/site-packages/pedestrian/__init__.py to __init__.cpython-310.pyc
[0.776s] byte-compiling /home/jestin/SegFaultExp/A3/pathfinder/install/pedestrian/lib/python3.10/site-packages/pedestrian/Pedestrian.py to Pedestrian.cpython-310.pyc
[0.777s] running install_data
[0.777s] creating /home/jestin/SegFaultExp/A3/pathfinder/install/pedestrian/share/ament_index
[0.777s] creating /home/jestin/SegFaultExp/A3/pathfinder/install/pedestrian/share/ament_index/resource_index
[0.777s] creating /home/jestin/SegFaultExp/A3/pathfinder/install/pedestrian/share/ament_index/resource_index/packages
[0.777s] copying resource/pedestrian -> /home/jestin/SegFaultExp/A3/pathfinder/install/pedestrian/share/ament_index/resource_index/packages
[0.777s] copying package.xml -> /home/jestin/SegFaultExp/A3/pathfinder/install/pedestrian/share/pedestrian
[0.777s] creating /home/jestin/SegFaultExp/A3/pathfinder/install/pedestrian/share/pedestrian/launch
[0.777s] copying launch/pedestrian.launch.py -> /home/jestin/SegFaultExp/A3/pathfinder/install/pedestrian/share/pedestrian/launch
[0.777s] running install_egg_info
[0.779s] Copying ../../build/pedestrian/pedestrian.egg-info to /home/jestin/SegFaultExp/A3/pathfinder/install/pedestrian/lib/python3.10/site-packages/pedestrian-0.0.0-py3.10.egg-info
[0.779s] running install_scripts
[0.795s] Installing Pedestrian script to /home/jestin/SegFaultExp/A3/pathfinder/install/pedestrian/lib/pedestrian
[0.795s] writing list of installed files to '/home/jestin/SegFaultExp/A3/pathfinder/build/pedestrian/install.log'
[0.815s] Invoked command in '/home/jestin/SegFaultExp/A3/pathfinder/src/pedestrian' returned '0': PYTHONPATH=/home/jestin/SegFaultExp/A3/pathfinder/build/pedestrian/prefix_override:/usr/lib/python3/dist-packages/colcon_core/task/python/colcon_distutils_commands:/home/jestin/SegFaultExp/A3/pathfinder/install/pedestrian/lib/python3.10/site-packages:${PYTHONPATH} /usr/bin/python3 -W ignore:setup.py install is deprecated -W ignore:easy_install command is deprecated setup.py egg_info --egg-base ../../build/pedestrian build --build-base /home/jestin/SegFaultExp/A3/pathfinder/build/pedestrian/build install --record /home/jestin/SegFaultExp/A3/pathfinder/build/pedestrian/install.log --single-version-externally-managed install_data
