[1.138s] Invoking command in '/home/jestin/SegFaultExp/A3/pathfinder/src/drive': PYTHONPATH=/home/jestin/SegFaultExp/A3/pathfinder/build/drive/prefix_override:/usr/lib/python3/dist-packages/colcon_core/task/python/colcon_distutils_commands:/home/jestin/SegFaultExp/A3/pathfinder/install/drive/lib/python3.10/site-packages:${PYTHONPATH} /usr/bin/python3 -W ignore:setup.py install is deprecated -W ignore:easy_install command is deprecated setup.py egg_info --egg-base ../../build/drive build --build-base /home/jestin/SegFaultExp/A3/pathfinder/build/drive/build install --record /home/jestin/SegFaultExp/A3/pathfinder/build/drive/install.log --single-version-externally-managed install_data
[1.397s] running egg_info
[1.397s] writing ../../build/drive/drive.egg-info/PKG-INFO
[1.397s] writing dependency_links to ../../build/drive/drive.egg-info/dependency_links.txt
[1.398s] writing entry points to ../../build/drive/drive.egg-info/entry_points.txt
[1.398s] writing requirements to ../../build/drive/drive.egg-info/requires.txt
[1.398s] writing top-level names to ../../build/drive/drive.egg-info/top_level.txt
[1.399s] reading manifest file '../../build/drive/drive.egg-info/SOURCES.txt'
[1.399s] adding license file 'LICENSE'
[1.400s] writing manifest file '../../build/drive/drive.egg-info/SOURCES.txt'
[1.400s] running build
[1.400s] running build_py
[1.400s] copying drive/driver.py -> /home/jestin/SegFaultExp/A3/pathfinder/build/drive/build/lib/drive
[1.401s] running install
[1.401s] running install_lib
[1.402s] copying /home/jestin/SegFaultExp/A3/pathfinder/build/drive/build/lib/drive/driver.py -> /home/jestin/SegFaultExp/A3/pathfinder/install/drive/lib/python3.10/site-packages/drive
[1.402s] byte-compiling /home/jestin/SegFaultExp/A3/pathfinder/install/drive/lib/python3.10/site-packages/drive/driver.py to driver.cpython-310.pyc
[1.403s] running install_data
[1.404s] running install_egg_info
[1.405s] removing '/home/jestin/SegFaultExp/A3/pathfinder/install/drive/lib/python3.10/site-packages/drive-0.0.0-py3.10.egg-info' (and everything under it)
[1.405s] Copying ../../build/drive/drive.egg-info to /home/jestin/SegFaultExp/A3/pathfinder/install/drive/lib/python3.10/site-packages/drive-0.0.0-py3.10.egg-info
[1.406s] running install_scripts
[1.426s] Installing coordinates script to /home/jestin/SegFaultExp/A3/pathfinder/install/drive/lib/drive
[1.426s] Installing driver script to /home/jestin/SegFaultExp/A3/pathfinder/install/drive/lib/drive
[1.426s] writing list of installed files to '/home/jestin/SegFaultExp/A3/pathfinder/build/drive/install.log'
[1.465s] Invoked command in '/home/jestin/SegFaultExp/A3/pathfinder/src/drive' returned '0': PYTHONPATH=/home/jestin/SegFaultExp/A3/pathfinder/build/drive/prefix_override:/usr/lib/python3/dist-packages/colcon_core/task/python/colcon_distutils_commands:/home/jestin/SegFaultExp/A3/pathfinder/install/drive/lib/python3.10/site-packages:${PYTHONPATH} /usr/bin/python3 -W ignore:setup.py install is deprecated -W ignore:easy_install command is deprecated setup.py egg_info --egg-base ../../build/drive build --build-base /home/jestin/SegFaultExp/A3/pathfinder/build/drive/build install --record /home/jestin/SegFaultExp/A3/pathfinder/build/drive/install.log --single-version-externally-managed install_data
