running egg_info
writing ../../build/drive/drive.egg-info/PKG-INFO
writing dependency_links to ../../build/drive/drive.egg-info/dependency_links.txt
writing entry points to ../../build/drive/drive.egg-info/entry_points.txt
writing requirements to ../../build/drive/drive.egg-info/requires.txt
writing top-level names to ../../build/drive/drive.egg-info/top_level.txt
reading manifest file '../../build/drive/drive.egg-info/SOURCES.txt'
adding license file 'LICENSE'
writing manifest file '../../build/drive/drive.egg-info/SOURCES.txt'
running build
running build_py
copying drive/coordinates.py -> /home/jestin/SegFaultExp/A3/pathfinder/build/drive/build/lib/drive
running install
running install_lib
copying /home/jestin/SegFaultExp/A3/pathfinder/build/drive/build/lib/drive/coordinates.py -> /home/jestin/SegFaultExp/A3/pathfinder/install/drive/lib/python3.10/site-packages/drive
byte-compiling /home/jestin/SegFaultExp/A3/pathfinder/install/drive/lib/python3.10/site-packages/drive/coordinates.py to coordinates.cpython-310.pyc
running install_egg_info
removing '/home/jestin/SegFaultExp/A3/pathfinder/install/drive/lib/python3.10/site-packages/drive-0.0.0-py3.10.egg-info' (and everything under it)
Copying ../../build/drive/drive.egg-info to /home/jestin/SegFaultExp/A3/pathfinder/install/drive/lib/python3.10/site-packages/drive-0.0.0-py3.10.egg-info
running install_scripts
Installing CoordinateFinder script to /home/jestin/SegFaultExp/A3/pathfinder/install/drive/lib/drive
Installing driver script to /home/jestin/SegFaultExp/A3/pathfinder/install/drive/lib/drive
writing list of installed files to '/home/jestin/SegFaultExp/A3/pathfinder/build/drive/install.log'
