[0.795s] Invoking command in '/home/jestin/SegFaultExp/A3/pathfinder/src/drive': PYTHONPATH=/home/jestin/SegFaultExp/A3/pathfinder/build/drive/prefix_override:/usr/lib/python3/dist-packages/colcon_core/task/python/colcon_distutils_commands:/home/jestin/SegFaultExp/A3/pathfinder/install/drive/lib/python3.10/site-packages:${PYTHONPATH} /usr/bin/python3 -W ignore:setup.py install is deprecated -W ignore:easy_install command is deprecated setup.py egg_info --egg-base ../../build/drive build --build-base /home/jestin/SegFaultExp/A3/pathfinder/build/drive/build install --record /home/jestin/SegFaultExp/A3/pathfinder/build/drive/install.log --single-version-externally-managed install_data
[1.001s] running egg_info
[1.001s] creating ../../build/drive/drive.egg-info
[1.001s] writing ../../build/drive/drive.egg-info/PKG-INFO
[1.001s] writing dependency_links to ../../build/drive/drive.egg-info/dependency_links.txt
[1.001s] writing entry points to ../../build/drive/drive.egg-info/entry_points.txt
[1.001s] writing requirements to ../../build/drive/drive.egg-info/requires.txt
[1.002s] writing top-level names to ../../build/drive/drive.egg-info/top_level.txt
[1.002s] writing manifest file '../../build/drive/drive.egg-info/SOURCES.txt'
[1.003s] reading manifest file '../../build/drive/drive.egg-info/SOURCES.txt'
[1.003s] adding license file 'LICENSE'
[1.004s] writing manifest file '../../build/drive/drive.egg-info/SOURCES.txt'
[1.004s] running build
[1.004s] running build_py
[1.004s] creating /home/jestin/SegFaultExp/A3/pathfinder/build/drive/build
[1.004s] creating /home/jestin/SegFaultExp/A3/pathfinder/build/drive/build/lib
[1.004s] creating /home/jestin/SegFaultExp/A3/pathfinder/build/drive/build/lib/drive
[1.004s] copying drive/__init__.py -> /home/jestin/SegFaultExp/A3/pathfinder/build/drive/build/lib/drive
[1.004s] copying drive/driver.py -> /home/jestin/SegFaultExp/A3/pathfinder/build/drive/build/lib/drive
[1.005s] running install
[1.005s] running install_lib
[1.006s] creating /home/jestin/SegFaultExp/A3/pathfinder/install/drive/lib/python3.10/site-packages/drive
[1.006s] copying /home/jestin/SegFaultExp/A3/pathfinder/build/drive/build/lib/drive/__init__.py -> /home/jestin/SegFaultExp/A3/pathfinder/install/drive/lib/python3.10/site-packages/drive
[1.006s] copying /home/jestin/SegFaultExp/A3/pathfinder/build/drive/build/lib/drive/driver.py -> /home/jestin/SegFaultExp/A3/pathfinder/install/drive/lib/python3.10/site-packages/drive
[1.006s] byte-compiling /home/jestin/SegFaultExp/A3/pathfinder/install/drive/lib/python3.10/site-packages/drive/__init__.py to __init__.cpython-310.pyc
[1.006s] byte-compiling /home/jestin/SegFaultExp/A3/pathfinder/install/drive/lib/python3.10/site-packages/drive/driver.py to driver.cpython-310.pyc
[1.006s]   File "/home/jestin/SegFaultExp/A3/pathfinder/install/drive/lib/python3.10/site-packages/drive/driver.py", line 13
[1.006s]     self.
[1.006s]          ^
[1.007s] SyntaxError: invalid syntax
[1.007s] 
[1.007s] running install_data
[1.007s] creating /home/jestin/SegFaultExp/A3/pathfinder/install/drive/share/ament_index
[1.007s] creating /home/jestin/SegFaultExp/A3/pathfinder/install/drive/share/ament_index/resource_index
[1.007s] creating /home/jestin/SegFaultExp/A3/pathfinder/install/drive/share/ament_index/resource_index/packages
[1.007s] copying resource/drive -> /home/jestin/SegFaultExp/A3/pathfinder/install/drive/share/ament_index/resource_index/packages
[1.007s] copying package.xml -> /home/jestin/SegFaultExp/A3/pathfinder/install/drive/share/drive
[1.007s] running install_egg_info
[1.008s] Copying ../../build/drive/drive.egg-info to /home/jestin/SegFaultExp/A3/pathfinder/install/drive/lib/python3.10/site-packages/drive-0.0.0-py3.10.egg-info
[1.008s] running install_scripts
[1.024s] writing list of installed files to '/home/jestin/SegFaultExp/A3/pathfinder/build/drive/install.log'
[1.050s] Invoked command in '/home/jestin/SegFaultExp/A3/pathfinder/src/drive' returned '0': PYTHONPATH=/home/jestin/SegFaultExp/A3/pathfinder/build/drive/prefix_override:/usr/lib/python3/dist-packages/colcon_core/task/python/colcon_distutils_commands:/home/jestin/SegFaultExp/A3/pathfinder/install/drive/lib/python3.10/site-packages:${PYTHONPATH} /usr/bin/python3 -W ignore:setup.py install is deprecated -W ignore:easy_install command is deprecated setup.py egg_info --egg-base ../../build/drive build --build-base /home/jestin/SegFaultExp/A3/pathfinder/build/drive/build install --record /home/jestin/SegFaultExp/A3/pathfinder/build/drive/install.log --single-version-externally-managed install_data
